{"meta": {"format": 3, "version": "7.13.2", "timestamp": "2026-02-01T07:18:07.530303", "branch_coverage": true, "show_contexts": false}, "files": {"odoo/custom_addons/l10n_cr_einvoice/controllers/pos_membership_controller.py": {"executed_lines": [], "summary": {"covered_lines": 0, "num_statements": 58, "percent_covered": 0.0, "percent_covered_display": "0", "missing_lines": 58, "excluded_lines": 0, "percent_statements_covered": 0.0, "percent_statements_covered_display": "0", "num_branches": 18, "num_partial_branches": 0, "covered_branches": 0, "missing_branches": 18, "percent_branches_covered": 0.0, "percent_branches_covered_display": "0"}, "missing_lines": [8, 9, 10, 12, 15, 20, 21, 32, 34, 37, 38, 45, 46, 47, 48, 49, 50, 51, 54, 59, 65, 66, 67, 74, 79, 80, 98, 99, 102, 104, 105, 111, 113, 114, 120, 125, 132, 133, 140, 147, 149, 150, 151, 156, 167, 168, 169, 172, 173, 174, 177, 178, 182, 184, 185, 188, 189, 192], "excluded_lines": [], "executed_branches": [], "missing_branches": [[37, 38], [37, 45], [104, 105], [104, 111], [113, 114], [113, 120], [132, 133], [132, 140], [167, 168], [167, 172], [172, 173], [172, 177], [177, 178], [177, 182], [182, 184], [182, 188], [188, 189], [188, 192]], "functions": {"PosMembershipController.check_connection": {"executed_lines": [], "summary": {"covered_lines": 0, "num_statements": 16, "percent_covered": 0.0, "percent_covered_display": "0", "missing_lines": 16, "excluded_lines": 0, "percent_statements_covered": 0.0, "percent_statements_covered_display": "0", "num_branches": 2, "num_partial_branches": 0, "covered_branches": 0, "missing_branches": 2, "percent_branches_covered": 0.0, "percent_branches_covered_display": "0"}, "missing_lines": [32, 34, 37, 38, 45, 46, 47, 48, 49, 50, 51, 54, 59, 65, 66, 67], "excluded_lines": [], "start_line": 21, "executed_branches": [], "missing_branches": [[37, 38], [37, 45]]}, "ResPartnerExtension.validate_customer_id": {"executed_lines": [], "summary": {"covered_lines": 0, "num_statements": 17, "percent_covered": 0.0, "percent_covered_display": "0", "missing_lines": 17, "excluded_lines": 0, "percent_statements_covered": 0.0, "percent_statements_covered_display": "0", "num_branches": 6, "num_partial_branches": 0, "covered_branches": 0, "missing_branches": 6, "percent_branches_covered": 0.0, "percent_branches_covered_display": "0"}, "missing_lines": [98, 99, 102, 104, 105, 111, 113, 114, 120, 125, 132, 133, 140, 147, 149, 150, 151], "excluded_lines": [], "start_line": 80, "executed_branches": [], "missing_branches": [[104, 105], [104, 111], [113, 114], [113, 120], [132, 133], [132, 140]]}, "ResPartnerExtension._detect_and_validate_id": {"executed_lines": [], "summary": {"covered_lines": 0, "num_statements": 14, "percent_covered": 0.0, "percent_covered_display": "0", "missing_lines": 14, "excluded_lines": 0, "percent_statements_covered": 0.0, "percent_statements_covered_display": "0", "num_branches": 10, "num_partial_branches": 0, "covered_branches": 0, "missing_branches": 10, "percent_branches_covered": 0.0, "percent_branches_covered_display": "0"}, "missing_lines": [167, 168, 169, 172, 173, 174, 177, 178, 182, 184, 185, 188, 189, 192], "excluded_lines": [], "start_line": 156, "executed_branches": [], "missing_branches": [[167, 168], [167, 172], [172, 173], [172, 177], [177, 178], [177, 182], [182, 184], [182, 188], [188, 189], [188, 192]]}, "": {"executed_lines": [], "summary": {"covered_lines": 0, "num_statements": 11, "percent_covered": 0.0, "percent_covered_display": "0", "missing_lines": 11, "excluded_lines": 0, "percent_statements_covered": 0.0, "percent_statements_covered_display": "0", "num_branches": 0, "num_partial_branches": 0, "covered_branches": 0, "missing_branches": 0, "percent_branches_covered": 100.0, "percent_branches_covered_display": "100"}, "missing_lines": [8, 9, 10, 12, 15, 20, 21, 74, 79, 80, 156], "excluded_lines": [], "start_line": 1, "executed_branches": [], "missing_branches": []}}, "classes": {"PosMembershipController": {"executed_lines": [], "summary": {"covered_lines": 0, "num_statements": 16, "percent_covered": 0.0, "percent_covered_display": "0", "missing_lines": 16, "excluded_lines": 0, "percent_statements_covered": 0.0, "percent_statements_covered_display": "0", "num_branches": 2, "num_partial_branches": 0, "covered_branches": 0, "missing_branches": 2, "percent_branches_covered": 0.0, "percent_branches_covered_display": "0"}, "missing_lines": [32, 34, 37, 38, 45, 46, 47, 48, 49, 50, 51, 54, 59, 65, 66, 67], "excluded_lines": [], "start_line": 15, "executed_branches": [], "missing_branches": [[37, 38], [37, 45]]}, "ResPartnerExtension": {"executed_lines": [], "summary": {"covered_lines": 0, "num_statements": 31, "percent_covered": 0.0, "percent_covered_display": "0", "missing_lines": 31, "excluded_lines": 0, "percent_statements_covered": 0.0, "percent_statements_covered_display": "0", "num_branches": 16, "num_partial_branches": 0, "covered_branches": 0, "missing_branches": 16, "percent_branches_covered": 0.0, "percent_branches_covered_display": "0"}, "missing_lines": [98, 99, 102, 104, 105, 111, 113, 114, 120, 125, 132, 133, 140, 147, 149, 150, 151, 167, 168, 169, 172, 173, 174, 177, 178, 182, 184, 185, 188, 189, 192], "excluded_lines": [], "start_line": 74, "executed_branches": [], "missing_branches": [[104, 105], [104, 111], [113, 114], [113, 120], [132, 133], [132, 140], [167, 168], [167, 172], [172, 173], [172, 177], [177, 178], [177, 182], [182, 184], [182, 188], [188, 189], [188, 192]]}, "": {"executed_lines": [], "summary": {"covered_lines": 0, "num_statements": 11, "percent_covered": 0.0, "percent_covered_display": "0", "missing_lines": 11, "excluded_lines": 0, "percent_statements_covered": 0.0, "percent_statements_covered_display": "0", "num_branches": 0, "num_partial_branches": 0, "covered_branches": 0, "missing_branches": 0, "percent_branches_covered": 100.0, "percent_branches_covered_display": "100"}, "missing_lines": [8, 9, 10, 12, 15, 20, 21, 74, 79, 80, 156], "excluded_lines": [], "start_line": 1, "executed_branches": [], "missing_branches": []}}}, "odoo/custom_addons/l10n_cr_einvoice/models/account_move.py": {"executed_lines": [2, 4, 5, 7, 10, 11, 14, 21, 27, 34, 41, 50, 58, 66, 67, 77, 78, 82, 83, 88, 117, 138, 165, 185, 199, 233], "summary": {"covered_lines": 26, "num_statements": 102, "percent_covered": 17.105263157894736, "percent_covered_display": "17", "missing_lines": 76, "excluded_lines": 0, "percent_statements_covered": 25.49019607843137, "percent_statements_covered_display": "25", "num_branches": 50, "num_partial_branches": 0, "covered_branches": 0, "missing_branches": 50, "percent_branches_covered": 0.0, "percent_branches_covered_display": "0"}, "missing_lines": [69, 71, 80, 85, 86, 90, 92, 93, 96, 97, 98, 99, 100, 102, 108, 109, 110, 115, 120, 121, 122, 124, 126, 127, 129, 130, 131, 132, 134, 136, 140, 142, 143, 145, 146, 148, 149, 152, 154, 156, 167, 170, 173, 179, 181, 183, 187, 189, 191, 192, 193, 194, 195, 197, 201, 203, 204, 206, 209, 210, 213, 214, 217, 218, 221, 222, 224, 235, 237, 238, 240, 243, 245, 246, 248, 253], "excluded_lines": [], "executed_branches": [], "missing_branches": [[69, -66], [69, 71], [85, -82], [85, 86], [92, 93], [92, 96], [96, 97], [96, 108], [98, 99], [98, 102], [108, 109], [108, 115], [109, 110], [109, 115], [120, 121], [120, 124], [121, 120], [121, 122], [126, 127], [126, 136], [127, 126], [127, 129], [129, 126], [129, 130], [142, 143], [142, 145], [145, 146], [145, 148], [148, 149], [148, 152], [189, 191], [189, 194], [191, 192], [191, 193], [194, 195], [194, 197], [203, 204], [203, 206], [209, 210], [209, 213], [213, 214], [213, 217], [217, 218], [217, 221], [221, 222], [221, 224], [237, 238], [237, 240], [245, -233], [245, 246]], "functions": {"AccountMove._compute_requires_einvoice": {"executed_lines": [], "summary": {"covered_lines": 0, "num_statements": 2, "percent_covered": 0.0, "percent_covered_display": "0", "missing_lines": 2, "excluded_lines": 0, "percent_statements_covered": 0.0, "percent_statements_covered_display": "0", "num_branches": 2, "num_partial_branches": 0, "covered_branches": 0, "missing_branches": 2, "percent_branches_covered": 0.0, "percent_branches_covered_display": "0"}, "missing_lines": [69, 71], "excluded_lines": [], "start_line": 67, "executed_branches": [], "missing_branches": [[69, -66], [69, 71]]}, "AccountMove._get_default_payment_method": {"executed_lines": [], "summary": {"covered_lines": 0, "num_statements": 1, "percent_covered": 0.0, "percent_covered_display": "0", "missing_lines": 1, "excluded_lines": 0, "percent_statements_covered": 0.0, "percent_statements_covered_display": "0", "num_branches": 0, "num_partial_branches": 0, "covered_branches": 0, "missing_branches": 0, "percent_branches_covered": 100.0, "percent_branches_covered_display": "100"}, "missing_lines": [80], "excluded_lines": [], "start_line": 78, "executed_branches": [], "missing_branches": []}, "AccountMove._onchange_payment_method": {"executed_lines": [], "summary": {"covered_lines": 0, "num_statements": 2, "percent_covered": 0.0, "percent_covered_display": "0", "missing_lines": 2, "excluded_lines": 0, "percent_statements_covered": 0.0, "percent_statements_covered_display": "0", "num_branches": 2, "num_partial_branches": 0, "covered_branches": 0, "missing_branches": 2, "percent_branches_covered": 0.0, "percent_branches_covered_display": "0"}, "missing_lines": [85, 86], "excluded_lines": [], "start_line": 83, "executed_branches": [], "missing_branches": [[85, -82], [85, 86]]}, "AccountMove._validate_payment_method_transaction_id": {"executed_lines": [], "summary": {"covered_lines": 0, "num_statements": 13, "percent_covered": 0.0, "percent_covered_display": "0", "missing_lines": 13, "excluded_lines": 0, "percent_statements_covered": 0.0, "percent_statements_covered_display": "0", "num_branches": 10, "num_partial_branches": 0, "covered_branches": 0, "missing_branches": 10, "percent_branches_covered": 0.0, "percent_branches_covered_display": "0"}, "missing_lines": [90, 92, 93, 96, 97, 98, 99, 100, 102, 108, 109, 110, 115], "excluded_lines": [], "start_line": 88, "executed_branches": [], "missing_branches": [[92, 93], [92, 96], [96, 97], [96, 108], [98, 99], [98, 102], [108, 109], [108, 115], [109, 110], [109, 115]]}, "AccountMove.action_post": {"executed_lines": [], "summary": {"covered_lines": 0, "num_statements": 12, "percent_covered": 0.0, "percent_covered_display": "0", "missing_lines": 12, "excluded_lines": 0, "percent_statements_covered": 0.0, "percent_statements_covered_display": "0", "num_branches": 10, "num_partial_branches": 0, "covered_branches": 0, "missing_branches": 10, "percent_branches_covered": 0.0, "percent_branches_covered_display": "0"}, "missing_lines": [120, 121, 122, 124, 126, 127, 129, 130, 131, 132, 134, 136], "excluded_lines": [], "start_line": 117, "executed_branches": [], "missing_branches": [[120, 121], [120, 124], [121, 120], [121, 122], [126, 127], [126, 136], [127, 126], [127, 129], [129, 126], [129, 130]]}, "AccountMove.action_create_einvoice": {"executed_lines": [], "summary": {"covered_lines": 0, "num_statements": 10, "percent_covered": 0.0, "percent_covered_display": "0", "missing_lines": 10, "excluded_lines": 0, "percent_statements_covered": 0.0, "percent_statements_covered_display": "0", "num_branches": 6, "num_partial_branches": 0, "covered_branches": 0, "missing_branches": 6, "percent_branches_covered": 0.0, "percent_branches_covered_display": "0"}, "missing_lines": [140, 142, 143, 145, 146, 148, 149, 152, 154, 156], "excluded_lines": [], "start_line": 138, "executed_branches": [], "missing_branches": [[142, 143], [142, 145], [145, 146], [145, 148], [148, 149], [148, 152]]}, "AccountMove._create_einvoice_document": {"executed_lines": [], "summary": {"covered_lines": 0, "num_statements": 6, "percent_covered": 0.0, "percent_covered_display": "0", "missing_lines": 6, "excluded_lines": 0, "percent_statements_covered": 0.0, "percent_statements_covered_display": "0", "num_branches": 0, "num_partial_branches": 0, "covered_branches": 0, "missing_branches": 0, "percent_branches_covered": 100.0, "percent_branches_covered_display": "100"}, "missing_lines": [167, 170, 173, 179, 181, 183], "excluded_lines": [], "start_line": 165, "executed_branches": [], "missing_branches": []}, "AccountMove._get_einvoice_document_type": {"executed_lines": [], "summary": {"covered_lines": 0, "num_statements": 8, "percent_covered": 0.0, "percent_covered_display": "0", "missing_lines": 8, "excluded_lines": 0, "percent_statements_covered": 0.0, "percent_statements_covered_display": "0", "num_branches": 6, "num_partial_branches": 0, "covered_branches": 0, "missing_branches": 6, "percent_branches_covered": 0.0, "percent_branches_covered_display": "0"}, "missing_lines": [187, 189, 191, 192, 193, 194, 195, 197], "excluded_lines": [], "start_line": 185, "executed_branches": [], "missing_branches": [[189, 191], [189, 194], [191, 192], [191, 193], [194, 195], [194, 197]]}, "AccountMove.action_generate_and_send_einvoice": {"executed_lines": [], "summary": {"covered_lines": 0, "num_statements": 13, "percent_covered": 0.0, "percent_covered_display": "0", "missing_lines": 13, "excluded_lines": 0, "percent_statements_covered": 0.0, "percent_statements_covered_display": "0", "num_branches": 10, "num_partial_branches": 0, "covered_branches": 0, "missing_branches": 10, "percent_branches_covered": 0.0, "percent_branches_covered_display": "0"}, "missing_lines": [201, 203, 204, 206, 209, 210, 213, 214, 217, 218, 221, 222, 224], "excluded_lines": [], "start_line": 199, "executed_branches": [], "missing_branches": [[203, 204], [203, 206], [209, 210], [209, 213], [213, 214], [213, 217], [217, 218], [217, 221], [221, 222], [221, 224]]}, "AccountMove._send_einvoice_email": {"executed_lines": [], "summary": {"covered_lines": 0, "num_statements": 9, "percent_covered": 0.0, "percent_covered_display": "0", "missing_lines": 9, "excluded_lines": 0, "percent_statements_covered": 0.0, "percent_statements_covered_display": "0", "num_branches": 4, "num_partial_branches": 0, "covered_branches": 0, "missing_branches": 4, "percent_branches_covered": 0.0, "percent_branches_covered_display": "0"}, "missing_lines": [235, 237, 238, 240, 243, 245, 246, 248, 253], "excluded_lines": [], "start_line": 233, "executed_branches": [], "missing_branches": [[237, 238], [237, 240], [245, -233], [245, 246]]}, "": {"executed_lines": [2, 4, 5, 7, 10, 11, 14, 21, 27, 34, 41, 50, 58, 66, 67, 77, 78, 82, 83, 88, 117, 138, 165, 185, 199, 233], "summary": {"covered_lines": 26, "num_statements": 26, "percent_covered": 100.0, "percent_covered_display": "100", "missing_lines": 0, "excluded_lines": 0, "percent_statements_covered": 100.0, "percent_statements_covered_display": "100", "num_branches": 0, "num_partial_branches": 0, "covered_branches": 0, "missing_branches": 0, "percent_branches_covered": 100.0, "percent_branches_covered_display": "100"}, "missing_lines": [], "excluded_lines": [], "start_line": 1, "executed_branches": [], "missing_branches": []}}, "classes": {"AccountMove": {"executed_lines": [], "summary": {"covered_lines": 0, "num_statements": 76, "percent_covered": 0.0, "percent_covered_display": "0", "missing_lines": 76, "excluded_lines": 0, "percent_statements_covered": 0.0, "percent_statements_covered_display": "0", "num_branches": 50, "num_partial_branches": 0, "covered_branches": 0, "missing_branches": 50, "percent_branches_covered": 0.0, "percent_branches_covered_display": "0"}, "missing_lines": [69, 71, 80, 85, 86, 90, 92, 93, 96, 97, 98, 99, 100, 102, 108, 109, 110, 115, 120, 121, 122, 124, 126, 127, 129, 130, 131, 132, 134, 136, 140, 142, 143, 145, 146, 148, 149, 152, 154, 156, 167, 170, 173, 179, 181, 183, 187, 189, 191, 192, 193, 194, 195, 197, 201, 203, 204, 206, 209, 210, 213, 214, 217, 218, 221, 222, 224, 235, 237, 238, 240, 243, 245, 246, 248, 253], "excluded_lines": [], "start_line": 10, "executed_branches": [], "missing_branches": [[69, -66], [69, 71], [85, -82], [85, 86], [92, 93], [92, 96], [96, 97], [96, 108], [98, 99], [98, 102], [108, 109], [108, 115], [109, 110], [109, 115], [120, 121], [120, 124], [121, 120], [121, 122], [126, 127], [126, 136], [127, 126], [127, 129], [129, 126], [129, 130], [142, 143], [142, 145], [145, 146], [145, 148], [148, 149], [148, 152], [189, 191], [189, 194], [191, 192], [191, 193], [194, 195], [194, 197], [203, 204], [203, 206], [209, 210], [209, 213], [213, 214], [213, 217], [217, 218], [217, 221], [221, 222], [221, 224], [237, 238], [237, 240], [245, -233], [245, 246]]}, "": {"executed_lines": [2, 4, 5, 7, 10, 11, 14, 21, 27, 34, 41, 50, 58, 66, 67, 77, 78, 82, 83, 88, 117, 138, 165, 185, 199, 233], "summary": {"covered_lines": 26, "num_statements": 26, "percent_covered": 100.0, "percent_covered_display": "100", "missing_lines": 0, "excluded_lines": 0, "percent_statements_covered": 100.0, "percent_statements_covered_display": "100", "num_branches": 0, "num_partial_branches": 0, "covered_branches": 0, "missing_branches": 0, "percent_branches_covered": 100.0, "percent_branches_covered_display": "100"}, "missing_lines": [], "excluded_lines": [], "start_line": 1, "executed_branches": [], "missing_branches": []}}}, "odoo/custom_addons/l10n_cr_einvoice/models/account_move_line.py": {"executed_lines": [7, 9, 10, 12, 15, 23, 26, 37, 42, 49, 55, 62, 63, 71, 72, 98, 99, 130, 131, 154, 155, 175, 205, 206], "summary": {"covered_lines": 24, "num_statements": 69, "percent_covered": 20.869565217391305, "percent_covered_display": "21", "missing_lines": 45, "excluded_lines": 0, "percent_statements_covered": 34.78260869565217, "percent_statements_covered_display": "35", "num_branches": 46, "num_partial_branches": 0, "covered_branches": 0, "missing_branches": 46, "percent_branches_covered": 0.0, "percent_branches_covered_display": "0"}, "missing_lines": [65, 66, 78, 80, 81, 84, 85, 88, 89, 105, 107, 108, 111, 112, 115, 119, 120, 137, 138, 140, 141, 143, 144, 162, 164, 165, 166, 167, 168, 171, 172, 173, 185, 187, 189, 191, 194, 195, 197, 198, 199, 200, 203, 208, 209], "excluded_lines": [], "executed_branches": [], "missing_branches": [[65, -62], [65, 66], [78, -71], [78, 80], [80, 81], [80, 84], [84, 85], [84, 88], [88, 78], [88, 89], [105, -98], [105, 107], [107, 108], [107, 111], [111, 112], [111, 115], [115, 105], [115, 119], [119, 105], [119, 120], [137, -130], [137, 138], [138, 137], [138, 140], [143, 137], [143, 144], [162, -154], [162, 164], [164, 165], [164, 171], [165, 166], [165, 167], [167, 162], [167, 168], [171, 162], [171, 172], [172, 162], [172, 173], [187, 189], [187, 191], [194, 195], [194, 203], [198, 199], [198, 200], [208, -205], [208, 209]], "functions": {"AccountMoveLine._compute_discount_code_requires_description": {"executed_lines": [], "summary": {"covered_lines": 0, "num_statements": 2, "percent_covered": 0.0, "percent_covered_display": "0", "missing_lines": 2, "excluded_lines": 0, "percent_statements_covered": 0.0, "percent_statements_covered_display": "0", "num_branches": 2, "num_partial_branches": 0, "covered_branches": 0, "missing_branches": 2, "percent_branches_covered": 0.0, "percent_branches_covered_display": "0"}, "missing_lines": [65, 66], "excluded_lines": [], "start_line": 63, "executed_branches": [], "missing_branches": [[65, -62], [65, 66]]}, "AccountMoveLine._check_discount_code_required": {"executed_lines": [], "summary": {"covered_lines": 0, "num_statements": 7, "percent_covered": 0.0, "percent_covered_display": "0", "missing_lines": 7, "excluded_lines": 0, "percent_statements_covered": 0.0, "percent_statements_covered_display": "0", "num_branches": 8, "num_partial_branches": 0, "covered_branches": 0, "missing_branches": 8, "percent_branches_covered": 0.0, "percent_branches_covered_display": "0"}, "missing_lines": [78, 80, 81, 84, 85, 88, 89], "excluded_lines": [], "start_line": 72, "executed_branches": [], "missing_branches": [[78, -71], [78, 80], [80, 81], [80, 84], [84, 85], [84, 88], [88, 78], [88, 89]]}, "AccountMoveLine._check_discount_code_99_description": {"executed_lines": [], "summary": {"covered_lines": 0, "num_statements": 8, "percent_covered": 0.0, "percent_covered_display": "0", "missing_lines": 8, "excluded_lines": 0, "percent_statements_covered": 0.0, "percent_statements_covered_display": "0", "num_branches": 10, "num_partial_branches": 0, "covered_branches": 0, "missing_branches": 10, "percent_branches_covered": 0.0, "percent_branches_covered_display": "0"}, "missing_lines": [105, 107, 108, 111, 112, 115, 119, 120], "excluded_lines": [], "start_line": 99, "executed_branches": [], "missing_branches": [[105, -98], [105, 107], [107, 108], [107, 111], [111, 112], [111, 115], [115, 105], [115, 119], [119, 105], [119, 120]]}, "AccountMoveLine._check_discount_description_length": {"executed_lines": [], "summary": {"covered_lines": 0, "num_statements": 6, "percent_covered": 0.0, "percent_covered_display": "0", "missing_lines": 6, "excluded_lines": 0, "percent_statements_covered": 0.0, "percent_statements_covered_display": "0", "num_branches": 6, "num_partial_branches": 0, "covered_branches": 0, "missing_branches": 6, "percent_branches_covered": 0.0, "percent_branches_covered_display": "0"}, "missing_lines": [137, 138, 140, 141, 143, 144], "excluded_lines": [], "start_line": 131, "executed_branches": [], "missing_branches": [[137, -130], [137, 138], [138, 137], [138, 140], [143, 137], [143, 144]]}, "AccountMoveLine._onchange_discount_code": {"executed_lines": [], "summary": {"covered_lines": 0, "num_statements": 9, "percent_covered": 0.0, "percent_covered_display": "0", "missing_lines": 9, "excluded_lines": 0, "percent_statements_covered": 0.0, "percent_statements_covered_display": "0", "num_branches": 12, "num_partial_branches": 0, "covered_branches": 0, "missing_branches": 12, "percent_branches_covered": 0.0, "percent_branches_covered_display": "0"}, "missing_lines": [162, 164, 165, 166, 167, 168, 171, 172, 173], "excluded_lines": [], "start_line": 155, "executed_branches": [], "missing_branches": [[162, -154], [162, 164], [164, 165], [164, 171], [165, 166], [165, 167], [167, 162], [167, 168], [171, 162], [171, 172], [172, 162], [172, 173]]}, "AccountMoveLine._get_discount_nature_for_xml": {"executed_lines": [], "summary": {"covered_lines": 0, "num_statements": 11, "percent_covered": 0.0, "percent_covered_display": "0", "missing_lines": 11, "excluded_lines": 0, "percent_statements_covered": 0.0, "percent_statements_covered_display": "0", "num_branches": 6, "num_partial_branches": 0, "covered_branches": 0, "missing_branches": 6, "percent_branches_covered": 0.0, "percent_branches_covered_display": "0"}, "missing_lines": [185, 187, 189, 191, 194, 195, 197, 198, 199, 200, 203], "excluded_lines": [], "start_line": 175, "executed_branches": [], "missing_branches": [[187, 189], [187, 191], [194, 195], [194, 203], [198, 199], [198, 200]]}, "AccountMoveLine._onchange_product_id_l10n_cr": {"executed_lines": [], "summary": {"covered_lines": 0, "num_statements": 2, "percent_covered": 0.0, "percent_covered_display": "0", "missing_lines": 2, "excluded_lines": 0, "percent_statements_covered": 0.0, "percent_statements_covered_display": "0", "num_branches": 2, "num_partial_branches": 0, "covered_branches": 0, "missing_branches": 2, "percent_branches_covered": 0.0, "percent_branches_covered_display": "0"}, "missing_lines": [208, 209], "excluded_lines": [], "start_line": 206, "executed_branches": [], "missing_branches": [[208, -205], [208, 209]]}, "": {"executed_lines": [7, 9, 10, 12, 15, 23, 26, 37, 42, 49, 55, 62, 63, 71, 72, 98, 99, 130, 131, 154, 155, 175, 205, 206], "summary": {"covered_lines": 24, "num_statements": 24, "percent_covered": 100.0, "percent_covered_display": "100", "missing_lines": 0, "excluded_lines": 0, "percent_statements_covered": 100.0, "percent_statements_covered_display": "100", "num_branches": 0, "num_partial_branches": 0, "covered_branches": 0, "missing_branches": 0, "percent_branches_covered": 100.0, "percent_branches_covered_display": "100"}, "missing_lines": [], "excluded_lines": [], "start_line": 1, "executed_branches": [], "missing_branches": []}}, "classes": {"AccountMoveLine": {"executed_lines": [], "summary": {"covered_lines": 0, "num_statements": 45, "percent_covered": 0.0, "percent_covered_display": "0", "missing_lines": 45, "excluded_lines": 0, "percent_statements_covered": 0.0, "percent_statements_covered_display": "0", "num_branches": 46, "num_partial_branches": 0, "covered_branches": 0, "missing_branches": 46, "percent_branches_covered": 0.0, "percent_branches_covered_display": "0"}, "missing_lines": [65, 66, 78, 80, 81, 84, 85, 88, 89, 105, 107, 108, 111, 112, 115, 119, 120, 137, 138, 140, 141, 143, 144, 162, 164, 165, 166, 167, 168, 171, 172, 173, 185, 187, 189, 191, 194, 195, 197, 198, 199, 200, 203, 208, 209], "excluded_lines": [], "start_line": 15, "executed_branches": [], "missing_branches": [[65, -62], [65, 66], [78, -71], [78, 80], [80, 81], [80, 84], [84, 85], [84, 88], [88, 78], [88, 89], [105, -98], [105, 107], [107, 108], [107, 111], [111, 112], [111, 115], [115, 105], [115, 119], [119, 105], [119, 120], [137, -130], [137, 138], [138, 137], [138, 140], [143, 137], [143, 144], [162, -154], [162, 164], [164, 165], [164, 171], [165, 166], [165, 167], [167, 162], [167, 168], [171, 162], [171, 172], [172, 162], [172, 173], [187, 189], [187, 191], [194, 195], [194, 203], [198, 199], [198, 200], [208, -205], [208, 209]]}, "": {"executed_lines": [7, 9, 10, 12, 15, 23, 26, 37, 42, 49, 55, 62, 63, 71, 72, 98, 99, 130, 131, 154, 155, 175, 205, 206], "summary": {"covered_lines": 24, "num_statements": 24, "percent_covered": 100.0, "percent_covered_display": "100", "missing_lines": 0, "excluded_lines": 0, "percent_statements_covered": 100.0, "percent_statements_covered_display": "100", "num_branches": 0, "num_partial_branches": 0, "covered_branches": 0, "missing_branches": 0, "percent_branches_covered": 100.0, "percent_branches_covered_display": "100"}, "missing_lines": [], "excluded_lines": [], "start_line": 1, "executed_branches": [], "missing_branches": []}}}, "odoo/custom_addons/l10n_cr_einvoice/models/certificate_manager.py": {"executed_lines": [2, 3, 4, 5, 6, 7, 8, 10, 11, 13, 16, 23, 24, 26, 27, 86, 126, 170, 207, 208, 252, 253], "summary": {"covered_lines": 22, "num_statements": 92, "percent_covered": 19.642857142857142, "percent_covered_display": "20", "missing_lines": 70, "excluded_lines": 0, "percent_statements_covered": 23.91304347826087, "percent_statements_covered_display": "24", "num_branches": 20, "num_partial_branches": 0, "covered_branches": 0, "missing_branches": 20, "percent_branches_covered": 0.0, "percent_branches_covered_display": "0"}, "missing_lines": [40, 41, 46, 48, 51, 53, 54, 58, 59, 66, 67, 71, 73, 79, 80, 81, 97, 99, 100, 101, 104, 110, 111, 113, 114, 117, 119, 120, 122, 123, 124, 138, 140, 146, 147, 151, 152, 154, 161, 163, 164, 166, 167, 168, 181, 182, 183, 185, 186, 190, 191, 196, 197, 198, 202, 218, 219, 222, 223, 224, 227, 228, 231, 232, 234, 245, 246, 247, 263, 264], "excluded_lines": [], "executed_branches": [], "missing_branches": [[40, 41], [40, 46], [53, 54], [53, 58], [58, 59], [58, 66], [100, 101], [100, 104], [110, 111], [110, 113], [113, 114], [113, 117], [146, 147], [146, 151], [185, 186], [185, 190], [190, 191], [190, 196], [197, 198], [197, 202]], "functions": {"CertificateManager.load_certificate_from_company": {"executed_lines": [], "summary": {"covered_lines": 0, "num_statements": 16, "percent_covered": 0.0, "percent_covered_display": "0", "missing_lines": 16, "excluded_lines": 0, "percent_statements_covered": 0.0, "percent_statements_covered_display": "0", "num_branches": 6, "num_partial_branches": 0, "covered_branches": 0, "missing_branches": 6, "percent_branches_covered": 0.0, "percent_branches_covered_display": "0"}, "missing_lines": [40, 41, 46, 48, 51, 53, 54, 58, 59, 66, 67, 71, 73, 79, 80, 81], "excluded_lines": [], "start_line": 27, "executed_branches": [], "missing_branches": [[40, 41], [40, 46], [53, 54], [53, 58], [58, 59], [58, 66]]}, "CertificateManager._load_pkcs12_certificate": {"executed_lines": [], "summary": {"covered_lines": 0, "num_statements": 15, "percent_covered": 0.0, "percent_covered_display": "0", "missing_lines": 15, "excluded_lines": 0, "percent_statements_covered": 0.0, "percent_statements_covered_display": "0", "num_branches": 6, "num_partial_branches": 0, "covered_branches": 0, "missing_branches": 6, "percent_branches_covered": 0.0, "percent_branches_covered_display": "0"}, "missing_lines": [97, 99, 100, 101, 104, 110, 111, 113, 114, 117, 119, 120, 122, 123, 124], "excluded_lines": [], "start_line": 86, "executed_branches": [], "missing_branches": [[100, 101], [100, 104], [110, 111], [110, 113], [113, 114], [113, 117]]}, "CertificateManager._load_pem_certificate": {"executed_lines": [], "summary": {"covered_lines": 0, "num_statements": 13, "percent_covered": 0.0, "percent_covered_display": "0", "missing_lines": 13, "excluded_lines": 0, "percent_statements_covered": 0.0, "percent_statements_covered_display": "0", "num_branches": 2, "num_partial_branches": 0, "covered_branches": 0, "missing_branches": 2, "percent_branches_covered": 0.0, "percent_branches_covered_display": "0"}, "missing_lines": [138, 140, 146, 147, 151, 152, 154, 161, 163, 164, 166, 167, 168], "excluded_lines": [], "start_line": 126, "executed_branches": [], "missing_branches": [[146, 147], [146, 151]]}, "CertificateManager._validate_certificate": {"executed_lines": [], "summary": {"covered_lines": 0, "num_statements": 11, "percent_covered": 0.0, "percent_covered_display": "0", "missing_lines": 11, "excluded_lines": 0, "percent_statements_covered": 0.0, "percent_statements_covered_display": "0", "num_branches": 6, "num_partial_branches": 0, "covered_branches": 0, "missing_branches": 6, "percent_branches_covered": 0.0, "percent_branches_covered_display": "0"}, "missing_lines": [181, 182, 183, 185, 186, 190, 191, 196, 197, 198, 202], "excluded_lines": [], "start_line": 170, "executed_branches": [], "missing_branches": [[185, 186], [185, 190], [190, 191], [190, 196], [197, 198], [197, 202]]}, "CertificateManager.get_certificate_info": {"executed_lines": [], "summary": {"covered_lines": 0, "num_statements": 13, "percent_covered": 0.0, "percent_covered_display": "0", "missing_lines": 13, "excluded_lines": 0, "percent_statements_covered": 0.0, "percent_statements_covered_display": "0", "num_branches": 0, "num_partial_branches": 0, "covered_branches": 0, "missing_branches": 0, "percent_branches_covered": 100.0, "percent_branches_covered_display": "100"}, "missing_lines": [218, 219, 222, 223, 224, 227, 228, 231, 232, 234, 245, 246, 247], "excluded_lines": [], "start_line": 208, "executed_branches": [], "missing_branches": []}, "CertificateManager.export_certificate_pem": {"executed_lines": [], "summary": {"covered_lines": 0, "num_statements": 2, "percent_covered": 0.0, "percent_covered_display": "0", "missing_lines": 2, "excluded_lines": 0, "percent_statements_covered": 0.0, "percent_statements_covered_display": "0", "num_branches": 0, "num_partial_branches": 0, "covered_branches": 0, "missing_branches": 0, "percent_branches_covered": 100.0, "percent_branches_covered_display": "100"}, "missing_lines": [263, 264], "excluded_lines": [], "start_line": 253, "executed_branches": [], "missing_branches": []}, "": {"executed_lines": [2, 3, 4, 5, 6, 7, 8, 10, 11, 13, 16, 23, 24, 26, 27, 86, 126, 170, 207, 208, 252, 253], "summary": {"covered_lines": 22, "num_statements": 22, "percent_covered": 100.0, "percent_covered_display": "100", "missing_lines": 0, "excluded_lines": 0, "percent_statements_covered": 100.0, "percent_statements_covered_display": "100", "num_branches": 0, "num_partial_branches": 0, "covered_branches": 0, "missing_branches": 0, "percent_branches_covered": 100.0, "percent_branches_covered_display": "100"}, "missing_lines": [], "excluded_lines": [], "start_line": 1, "executed_branches": [], "missing_branches": []}}, "classes": {"CertificateManager": {"executed_lines": [], "summary": {"covered_lines": 0, "num_statements": 70, "percent_covered": 0.0, "percent_covered_display": "0", "missing_lines": 70, "excluded_lines": 0, "percent_statements_covered": 0.0, "percent_statements_covered_display": "0", "num_branches": 20, "num_partial_branches": 0, "covered_branches": 0, "missing_branches": 20, "percent_branches_covered": 0.0, "percent_branches_covered_display": "0"}, "missing_lines": [40, 41, 46, 48, 51, 53, 54, 58, 59, 66, 67, 71, 73, 79, 80, 81, 97, 99, 100, 101, 104, 110, 111, 113, 114, 117, 119, 120, 122, 123, 124, 138, 140, 146, 147, 151, 152, 154, 161, 163, 164, 166, 167, 168, 181, 182, 183, 185, 186, 190, 191, 196, 197, 198, 202, 218, 219, 222, 223, 224, 227, 228, 231, 232, 234, 245, 246, 247, 263, 264], "excluded_lines": [], "start_line": 16, "executed_branches": [], "missing_branches": [[40, 41], [40, 46], [53, 54], [53, 58], [58, 59], [58, 66], [100, 101], [100, 104], [110, 111], [110, 113], [113, 114], [113, 117], [146, 147], [146, 151], [185, 186], [185, 190], [190, 191], [190, 196], [197, 198], [197, 202]]}, "": {"executed_lines": [2, 3, 4, 5, 6, 7, 8, 10, 11, 13, 16, 23, 24, 26, 27, 86, 126, 170, 207, 208, 252, 253], "summary": {"covered_lines": 22, "num_statements": 22, "percent_covered": 100.0, "percent_covered_display": "100", "missing_lines": 0, "excluded_lines": 0, "percent_statements_covered": 100.0, "percent_statements_covered_display": "100", "num_branches": 0, "num_partial_branches": 0, "covered_branches": 0, "missing_branches": 0, "percent_branches_covered": 100.0, "percent_branches_covered_display": "100"}, "missing_lines": [], "excluded_lines": [], "start_line": 1, "executed_branches": [], "missing_branches": []}}}, "odoo/custom_addons/l10n_cr_einvoice/models/ciiu_code.py": {"executed_lines": [2, 4, 5, 7, 10, 11, 12, 13, 14, 16, 23, 29, 35, 40, 64, 69, 75, 77, 78, 88, 95, 96, 109, 110, 125], "summary": {"covered_lines": 25, "num_statements": 46, "percent_covered": 39.0625, "percent_covered_display": "39", "missing_lines": 21, "excluded_lines": 0, "percent_statements_covered": 54.34782608695652, "percent_statements_covered_display": "54", "num_branches": 18, "num_partial_branches": 0, "covered_branches": 0, "missing_branches": 18, "percent_branches_covered": 0.0, "percent_branches_covered_display": "0"}, "missing_lines": [80, 81, 82, 83, 84, 86, 90, 91, 98, 99, 100, 101, 104, 105, 117, 118, 120, 121, 123, 127, 128], "excluded_lines": [], "executed_branches": [], "missing_branches": [[80, -77], [80, 81], [81, 82], [81, 83], [83, 84], [83, 86], [90, -88], [90, 91], [98, -95], [98, 99], [99, 98], [99, 100], [100, 101], [100, 104], [104, 98], [104, 105], [120, 121], [120, 123]], "functions": {"CIIUCode._compute_complete_name": {"executed_lines": [], "summary": {"covered_lines": 0, "num_statements": 6, "percent_covered": 0.0, "percent_covered_display": "0", "missing_lines": 6, "excluded_lines": 0, "percent_statements_covered": 0.0, "percent_statements_covered_display": "0", "num_branches": 6, "num_partial_branches": 0, "covered_branches": 0, "missing_branches": 6, "percent_branches_covered": 0.0, "percent_branches_covered_display": "0"}, "missing_lines": [80, 81, 82, 83, 84, 86], "excluded_lines": [], "start_line": 78, "executed_branches": [], "missing_branches": [[80, -77], [80, 81], [81, 82], [81, 83], [83, 84], [83, 86]]}, "CIIUCode._compute_partner_count": {"executed_lines": [], "summary": {"covered_lines": 0, "num_statements": 2, "percent_covered": 0.0, "percent_covered_display": "0", "missing_lines": 2, "excluded_lines": 0, "percent_statements_covered": 0.0, "percent_statements_covered_display": "0", "num_branches": 2, "num_partial_branches": 0, "covered_branches": 0, "missing_branches": 2, "percent_branches_covered": 0.0, "percent_branches_covered_display": "0"}, "missing_lines": [90, 91], "excluded_lines": [], "start_line": 88, "executed_branches": [], "missing_branches": [[90, -88], [90, 91]]}, "CIIUCode._check_code_format": {"executed_lines": [], "summary": {"covered_lines": 0, "num_statements": 6, "percent_covered": 0.0, "percent_covered_display": "0", "missing_lines": 6, "excluded_lines": 0, "percent_statements_covered": 0.0, "percent_statements_covered_display": "0", "num_branches": 8, "num_partial_branches": 0, "covered_branches": 0, "missing_branches": 8, "percent_branches_covered": 0.0, "percent_branches_covered_display": "0"}, "missing_lines": [98, 99, 100, 101, 104, 105], "excluded_lines": [], "start_line": 96, "executed_branches": [], "missing_branches": [[98, -95], [98, 99], [99, 98], [99, 100], [100, 101], [100, 104], [104, 98], [104, 105]]}, "CIIUCode._name_search": {"executed_lines": [], "summary": {"covered_lines": 0, "num_statements": 5, "percent_covered": 0.0, "percent_covered_display": "0", "missing_lines": 5, "excluded_lines": 0, "percent_statements_covered": 0.0, "percent_statements_covered_display": "0", "num_branches": 2, "num_partial_branches": 0, "covered_branches": 0, "missing_branches": 2, "percent_branches_covered": 0.0, "percent_branches_covered_display": "0"}, "missing_lines": [117, 118, 120, 121, 123], "excluded_lines": [], "start_line": 110, "executed_branches": [], "missing_branches": [[120, 121], [120, 123]]}, "CIIUCode.action_view_partners": {"executed_lines": [], "summary": {"covered_lines": 0, "num_statements": 2, "percent_covered": 0.0, "percent_covered_display": "0", "missing_lines": 2, "excluded_lines": 0, "percent_statements_covered": 0.0, "percent_statements_covered_display": "0", "num_branches": 0, "num_partial_branches": 0, "covered_branches": 0, "missing_branches": 0, "percent_branches_covered": 100.0, "percent_branches_covered_display": "100"}, "missing_lines": [127, 128], "excluded_lines": [], "start_line": 125, "executed_branches": [], "missing_branches": []}, "": {"executed_lines": [2, 4, 5, 7, 10, 11, 12, 13, 14, 16, 23, 29, 35, 40, 64, 69, 75, 77, 78, 88, 95, 96, 109, 110, 125], "summary": {"covered_lines": 25, "num_statements": 25, "percent_covered": 100.0, "percent_covered_display": "100", "missing_lines": 0, "excluded_lines": 0, "percent_statements_covered": 100.0, "percent_statements_covered_display": "100", "num_branches": 0, "num_partial_branches": 0, "covered_branches": 0, "missing_branches": 0, "percent_branches_covered": 100.0, "percent_branches_covered_display": "100"}, "missing_lines": [], "excluded_lines": [], "start_line": 1, "executed_branches": [], "missing_branches": []}}, "classes": {"CIIUCode": {"executed_lines": [], "summary": {"covered_lines": 0, "num_statements": 21, "percent_covered": 0.0, "percent_covered_display": "0", "missing_lines": 21, "excluded_lines": 0, "percent_statements_covered": 0.0, "percent_statements_covered_display": "0", "num_branches": 18, "num_partial_branches": 0, "covered_branches": 0, "missing_branches": 18, "percent_branches_covered": 0.0, "percent_branches_covered_display": "0"}, "missing_lines": [80, 81, 82, 83, 84, 86, 90, 91, 98, 99, 100, 101, 104, 105, 117, 118, 120, 121, 123, 127, 128], "excluded_lines": [], "start_line": 10, "executed_branches": [], "missing_branches": [[80, -77], [80, 81], [81, 82], [81, 83], [83, 84], [83, 86], [90, -88], [90, 91], [98, -95], [98, 99], [99, 98], [99, 100], [100, 101], [100, 104], [104, 98], [104, 105], [120, 121], [120, 123]]}, "": {"executed_lines": [2, 4, 5, 7, 10, 11, 12, 13, 14, 16, 23, 29, 35, 40, 64, 69, 75, 77, 78, 88, 95, 96, 109, 110, 125], "summary": {"covered_lines": 25, "num_statements": 25, "percent_covered": 100.0, "percent_covered_display": "100", "missing_lines": 0, "excluded_lines": 0, "percent_statements_covered": 100.0, "percent_statements_covered_display": "100", "num_branches": 0, "num_partial_branches": 0, "covered_branches": 0, "missing_branches": 0, "percent_branches_covered": 100.0, "percent_branches_covered_display": "100"}, "missing_lines": [], "excluded_lines": [], "start_line": 1, "executed_branches": [], "missing_branches": []}}}, "odoo/custom_addons/l10n_cr_einvoice/models/d101_income_tax_report.py": {"executed_lines": [2, 3, 6, 19, 20, 21, 22, 24, 31, 39, 46, 60, 66, 72, 84, 90, 96, 102, 108, 114, 126, 134, 141, 148, 167, 175, 183, 191, 199, 207, 219, 226, 233, 240, 252, 260, 268, 276, 287, 293, 299, 306, 312, 318, 324, 333, 334, 336, 337, 339, 343, 345, 346, 354, 358, 360, 361, 366, 373, 374, 376, 377, 391, 392, 393, 394, 397, 399, 401, 404, 405, 406, 407, 408, 411, 420, 421, 423, 424, 426, 427, 428, 429, 431, 433, 436, 437, 438, 439, 440, 442, 444, 445, 447, 448, 454, 456, 457, 458, 460, 461, 467, 468, 470, 471, 472, 473, 475, 527, 529, 531, 535, 536, 538, 539, 540, 542, 544, 562, 595, 641, 643, 645, 646, 648, 649, 650, 651, 653], "summary": {"covered_lines": 129, "num_statements": 201, "percent_covered": 62.24899598393574, "percent_covered_display": "62", "missing_lines": 72, "excluded_lines": 0, "percent_statements_covered": 64.17910447761194, "percent_statements_covered_display": "64", "num_branches": 48, "num_partial_branches": 2, "covered_branches": 26, "missing_branches": 22, "percent_branches_covered": 54.166666666666664, "percent_branches_covered_display": "54"}, "missing_lines": [481, 483, 484, 487, 496, 500, 503, 512, 516, 522, 523, 525, 532, 546, 548, 549, 551, 552, 557, 558, 560, 564, 566, 567, 569, 570, 571, 576, 577, 578, 579, 580, 581, 583, 584, 585, 587, 588, 589, 590, 591, 593, 597, 599, 600, 602, 603, 604, 609, 611, 612, 613, 614, 615, 616, 617, 619, 620, 621, 622, 623, 624, 625, 626, 628, 629, 630, 633, 635, 636, 637, 639], "excluded_lines": [], "executed_branches": [[336, -333], [336, 337], [345, -339], [345, 346], [360, -354], [360, 361], [373, 360], [373, 374], [391, -376], [391, 392], [399, 401], [399, 411], [423, 424], [423, 436], [424, 426], [424, 431], [447, -444], [447, 448], [456, 457], [456, 460], [470, 471], [470, 473], [471, 472], [531, 535], [645, 646], [645, 648]], "missing_branches": [[471, 470], [483, 484], [483, 487], [531, 532], [548, 549], [548, 551], [566, 567], [566, 569], [576, 577], [576, 583], [599, 600], [599, 602], [611, 612], [611, 619], [616, 617], [616, 639], [619, 620], [619, 628], [623, 624], [623, 625], [628, 629], [628, 633]], "functions": {"D101IncomeTaxReport._compute_gross_income": {"executed_lines": [336, 337], "summary": {"covered_lines": 2, "num_statements": 2, "percent_covered": 100.0, "percent_covered_display": "100", "missing_lines": 0, "excluded_lines": 0, "percent_statements_covered": 100.0, "percent_statements_covered_display": "100", "num_branches": 2, "num_partial_branches": 0, "covered_branches": 2, "missing_branches": 0, "percent_branches_covered": 100.0, "percent_branches_covered_display": "100"}, "missing_lines": [], "excluded_lines": [], "start_line": 334, "executed_branches": [[336, -333], [336, 337]], "missing_branches": []}, "D101IncomeTaxReport._compute_deductible_expenses": {"executed_lines": [345, 346], "summary": {"covered_lines": 2, "num_statements": 2, "percent_covered": 100.0, "percent_covered_display": "100", "missing_lines": 0, "excluded_lines": 0, "percent_statements_covered": 100.0, "percent_statements_covered_display": "100", "num_branches": 2, "num_partial_branches": 0, "covered_branches": 2, "missing_branches": 0, "percent_branches_covered": 100.0, "percent_branches_covered_display": "100"}, "missing_lines": [], "excluded_lines": [], "start_line": 343, "executed_branches": [[345, -339], [345, 346]], "missing_branches": []}, "D101IncomeTaxReport._compute_taxable_income": {"executed_lines": [360, 361, 366, 373, 374], "summary": {"covered_lines": 5, "num_statements": 5, "percent_covered": 100.0, "percent_covered_display": "100", "missing_lines": 0, "excluded_lines": 0, "percent_statements_covered": 100.0, "percent_statements_covered_display": "100", "num_branches": 4, "num_partial_branches": 0, "covered_branches": 4, "missing_branches": 0, "percent_branches_covered": 100.0, "percent_branches_covered_display": "100"}, "missing_lines": [], "excluded_lines": [], "start_line": 358, "executed_branches": [[360, -354], [360, 361], [373, 360], [373, 374]], "missing_branches": []}, "D101IncomeTaxReport._compute_income_tax": {"executed_lines": [391, 392, 393, 394, 397, 399, 401, 404, 405, 406, 407, 408, 411, 420, 421, 423, 424, 426, 427, 428, 429, 431, 433, 436, 437, 438, 439, 440, 442], "summary": {"covered_lines": 29, "num_statements": 29, "percent_covered": 100.0, "percent_covered_display": "100", "missing_lines": 0, "excluded_lines": 0, "percent_statements_covered": 100.0, "percent_statements_covered_display": "100", "num_branches": 8, "num_partial_branches": 0, "covered_branches": 8, "missing_branches": 0, "percent_branches_covered": 100.0, "percent_branches_covered_display": "100"}, "missing_lines": [], "excluded_lines": [], "start_line": 377, "executed_branches": [[391, -376], [391, 392], [399, 401], [399, 411], [423, 424], [423, 436], [424, 426], [424, 431]], "missing_branches": []}, "D101IncomeTaxReport._compute_final_amount": {"executed_lines": [447, 448, 454, 456, 457, 458, 460, 461], "summary": {"covered_lines": 8, "num_statements": 8, "percent_covered": 100.0, "percent_covered_display": "100", "missing_lines": 0, "excluded_lines": 0, "percent_statements_covered": 100.0, "percent_statements_covered_display": "100", "num_branches": 4, "num_partial_branches": 0, "covered_branches": 4, "missing_branches": 0, "percent_branches_covered": 100.0, "percent_branches_covered_display": "100"}, "missing_lines": [], "excluded_lines": [], "start_line": 445, "executed_branches": [[447, -444], [447, 448], [456, 457], [456, 460]], "missing_branches": []}, "D101IncomeTaxReport.create": {"executed_lines": [470, 471, 472, 473], "summary": {"covered_lines": 4, "num_statements": 4, "percent_covered": 87.5, "percent_covered_display": "88", "missing_lines": 0, "excluded_lines": 0, "percent_statements_covered": 100.0, "percent_statements_covered_display": "100", "num_branches": 4, "num_partial_branches": 1, "covered_branches": 3, "missing_branches": 1, "percent_branches_covered": 75.0, "percent_branches_covered_display": "75"}, "missing_lines": [], "excluded_lines": [], "start_line": 468, "executed_branches": [[470, 471], [470, 473], [471, 472]], "missing_branches": [[471, 470]]}, "D101IncomeTaxReport.action_calculate": {"executed_lines": [], "summary": {"covered_lines": 0, "num_statements": 12, "percent_covered": 0.0, "percent_covered_display": "0", "missing_lines": 12, "excluded_lines": 0, "percent_statements_covered": 0.0, "percent_statements_covered_display": "0", "num_branches": 2, "num_partial_branches": 0, "covered_branches": 0, "missing_branches": 2, "percent_branches_covered": 0.0, "percent_branches_covered_display": "0"}, "missing_lines": [481, 483, 484, 487, 496, 500, 503, 512, 516, 522, 523, 525], "excluded_lines": [], "start_line": 475, "executed_branches": [], "missing_branches": [[483, 484], [483, 487]]}, "D101IncomeTaxReport.action_generate_xml": {"executed_lines": [529, 531, 535, 536, 538, 539, 540, 542], "summary": {"covered_lines": 8, "num_statements": 9, "percent_covered": 81.81818181818181, "percent_covered_display": "82", "missing_lines": 1, "excluded_lines": 0, "percent_statements_covered": 88.88888888888889, "percent_statements_covered_display": "89", "num_branches": 2, "num_partial_branches": 1, "covered_branches": 1, "missing_branches": 1, "percent_branches_covered": 50.0, "percent_branches_covered_display": "50"}, "missing_lines": [532], "excluded_lines": [], "start_line": 527, "executed_branches": [[531, 535]], "missing_branches": [[531, 532]]}, "D101IncomeTaxReport.action_sign_xml": {"executed_lines": [], "summary": {"covered_lines": 0, "num_statements": 8, "percent_covered": 0.0, "percent_covered_display": "0", "missing_lines": 8, "excluded_lines": 0, "percent_statements_covered": 0.0, "percent_statements_covered_display": "0", "num_branches": 2, "num_partial_branches": 0, "covered_branches": 0, "missing_branches": 2, "percent_branches_covered": 0.0, "percent_branches_covered_display": "0"}, "missing_lines": [546, 548, 549, 551, 552, 557, 558, 560], "excluded_lines": [], "start_line": 544, "executed_branches": [], "missing_branches": [[548, 549], [548, 551]]}, "D101IncomeTaxReport.action_submit_to_hacienda": {"executed_lines": [], "summary": {"covered_lines": 0, "num_statements": 21, "percent_covered": 0.0, "percent_covered_display": "0", "missing_lines": 21, "excluded_lines": 0, "percent_statements_covered": 0.0, "percent_statements_covered_display": "0", "num_branches": 4, "num_partial_branches": 0, "covered_branches": 0, "missing_branches": 4, "percent_branches_covered": 0.0, "percent_branches_covered_display": "0"}, "missing_lines": [564, 566, 567, 569, 570, 571, 576, 577, 578, 579, 580, 581, 583, 584, 585, 587, 588, 589, 590, 591, 593], "excluded_lines": [], "start_line": 562, "executed_branches": [], "missing_branches": [[566, 567], [566, 569], [576, 577], [576, 583]]}, "D101IncomeTaxReport.action_check_status": {"executed_lines": [], "summary": {"covered_lines": 0, "num_statements": 30, "percent_covered": 0.0, "percent_covered_display": "0", "missing_lines": 30, "excluded_lines": 0, "percent_statements_covered": 0.0, "percent_statements_covered_display": "0", "num_branches": 12, "num_partial_branches": 0, "covered_branches": 0, "missing_branches": 12, "percent_branches_covered": 0.0, "percent_branches_covered_display": "0"}, "missing_lines": [597, 599, 600, 602, 603, 604, 609, 611, 612, 613, 614, 615, 616, 617, 619, 620, 621, 622, 623, 624, 625, 626, 628, 629, 630, 633, 635, 636, 637, 639], "excluded_lines": [], "start_line": 595, "executed_branches": [], "missing_branches": [[599, 600], [599, 602], [611, 612], [611, 619], [616, 617], [616, 639], [619, 620], [619, 628], [623, 624], [623, 625], [628, 629], [628, 633]]}, "D101IncomeTaxReport.action_reset_to_draft": {"executed_lines": [643, 645, 646, 648, 649, 650, 651, 653], "summary": {"covered_lines": 8, "num_statements": 8, "percent_covered": 100.0, "percent_covered_display": "100", "missing_lines": 0, "excluded_lines": 0, "percent_statements_covered": 100.0, "percent_statements_covered_display": "100", "num_branches": 2, "num_partial_branches": 0, "covered_branches": 2, "missing_branches": 0, "percent_branches_covered": 100.0, "percent_branches_covered_display": "100"}, "missing_lines": [], "excluded_lines": [], "start_line": 641, "executed_branches": [[645, 646], [645, 648]], "missing_branches": []}, "": {"executed_lines": [2, 3, 6, 19, 20, 21, 22, 24, 31, 39, 46, 60, 66, 72, 84, 90, 96, 102, 108, 114, 126, 134, 141, 148, 167, 175, 183, 191, 199, 207, 219, 226, 233, 240, 252, 260, 268, 276, 287, 293, 299, 306, 312, 318, 324, 333, 334, 339, 343, 354, 358, 376, 377, 444, 445, 467, 468, 475, 527, 544, 562, 595, 641], "summary": {"covered_lines": 63, "num_statements": 63, "percent_covered": 100.0, "percent_covered_display": "100", "missing_lines": 0, "excluded_lines": 0, "percent_statements_covered": 100.0, "percent_statements_covered_display": "100", "num_branches": 0, "num_partial_branches": 0, "covered_branches": 0, "missing_branches": 0, "percent_branches_covered": 100.0, "percent_branches_covered_display": "100"}, "missing_lines": [], "excluded_lines": [], "start_line": 1, "executed_branches": [], "missing_branches": []}}, "classes": {"D101IncomeTaxReport": {"executed_lines": [336, 337, 345, 346, 360, 361, 366, 373, 374, 391, 392, 393, 394, 397, 399, 401, 404, 405, 406, 407, 408, 411, 420, 421, 423, 424, 426, 427, 428, 429, 431, 433, 436, 437, 438, 439, 440, 442, 447, 448, 454, 456, 457, 458, 460, 461, 470, 471, 472, 473, 529, 531, 535, 536, 538, 539, 540, 542, 643, 645, 646, 648, 649, 650, 651, 653], "summary": {"covered_lines": 66, "num_statements": 138, "percent_covered": 49.46236559139785, "percent_covered_display": "49", "missing_lines": 72, "excluded_lines": 0, "percent_statements_covered": 47.82608695652174, "percent_statements_covered_display": "48", "num_branches": 48, "num_partial_branches": 2, "covered_branches": 26, "missing_branches": 22, "percent_branches_covered": 54.166666666666664, "percent_branches_covered_display": "54"}, "missing_lines": [481, 483, 484, 487, 496, 500, 503, 512, 516, 522, 523, 525, 532, 546, 548, 549, 551, 552, 557, 558, 560, 564, 566, 567, 569, 570, 571, 576, 577, 578, 579, 580, 581, 583, 584, 585, 587, 588, 589, 590, 591, 593, 597, 599, 600, 602, 603, 604, 609, 611, 612, 613, 614, 615, 616, 617, 619, 620, 621, 622, 623, 624, 625, 626, 628, 629, 630, 633, 635, 636, 637, 639], "excluded_lines": [], "start_line": 6, "executed_branches": [[336, -333], [336, 337], [345, -339], [345, 346], [360, -354], [360, 361], [373, 360], [373, 374], [391, -376], [391, 392], [399, 401], [399, 411], [423, 424], [423, 436], [424, 426], [424, 431], [447, -444], [447, 448], [456, 457], [456, 460], [470, 471], [470, 473], [471, 472], [531, 535], [645, 646], [645, 648]], "missing_branches": [[471, 470], [483, 484], [483, 487], [531, 532], [548, 549], [548, 551], [566, 567], [566, 569], [576, 577], [576, 583], [599, 600], [599, 602], [611, 612], [611, 619], [616, 617], [616, 639], [619, 620], [619, 628], [623, 624], [623, 625], [628, 629], [628, 633]]}, "": {"executed_lines": [2, 3, 6, 19, 20, 21, 22, 24, 31, 39, 46, 60, 66, 72, 84, 90, 96, 102, 108, 114, 126, 134, 141, 148, 167, 175, 183, 191, 199, 207, 219, 226, 233, 240, 252, 260, 268, 276, 287, 293, 299, 306, 312, 318, 324, 333, 334, 339, 343, 354, 358, 376, 377, 444, 445, 467, 468, 475, 527, 544, 562, 595, 641], "summary": {"covered_lines": 63, "num_statements": 63, "percent_covered": 100.0, "percent_covered_display": "100", "missing_lines": 0, "excluded_lines": 0, "percent_statements_covered": 100.0, "percent_statements_covered_display": "100", "num_branches": 0, "num_partial_branches": 0, "covered_branches": 0, "missing_branches": 0, "percent_branches_covered": 100.0, "percent_branches_covered_display": "100"}, "missing_lines": [], "excluded_lines": [], "start_line": 1, "executed_branches": [], "missing_branches": []}}}, "odoo/custom_addons/l10n_cr_einvoice/models/d150_vat_report.py": {"executed_lines": [2, 3, 4, 7, 16, 17, 18, 19, 21, 28, 36, 43, 57, 62, 68, 73, 79, 84, 90, 95, 101, 107, 115, 124, 129, 139, 144, 150, 155, 161, 166, 172, 177, 183, 188, 194, 200, 208, 220, 228, 236, 243, 251, 259, 267, 278, 284, 290, 297, 303, 309, 315, 324, 332, 334, 335, 341, 347, 355, 357, 358, 364, 370, 371, 383, 386, 387, 389, 390, 393, 395, 401, 411, 413, 416, 423, 424, 425, 427, 428, 434, 435, 437, 438, 439, 440, 442, 463, 538, 603, 630, 647, 666, 700, 750], "summary": {"covered_lines": 95, "num_statements": 254, "percent_covered": 33.333333333333336, "percent_covered_display": "33", "missing_lines": 159, "excluded_lines": 0, "percent_statements_covered": 37.40157480314961, "percent_statements_covered_display": "37", "num_branches": 76, "num_partial_branches": 1, "covered_branches": 15, "missing_branches": 61, "percent_branches_covered": 19.736842105263158, "percent_branches_covered_display": "20"}, "missing_lines": [444, 446, 447, 450, 453, 456, 458, 459, 461, 465, 467, 470, 479, 487, 492, 493, 495, 496, 498, 499, 501, 502, 504, 505, 507, 508, 511, 513, 515, 516, 517, 520, 521, 522, 525, 526, 527, 528, 529, 530, 531, 532, 533, 535, 536, 540, 542, 545, 554, 563, 564, 565, 567, 568, 570, 571, 573, 576, 577, 579, 580, 581, 583, 584, 587, 588, 589, 590, 592, 593, 595, 596, 598, 599, 601, 605, 608, 611, 619, 623, 624, 626, 628, 632, 634, 635, 638, 639, 641, 642, 643, 645, 649, 651, 652, 655, 656, 661, 662, 664, 668, 670, 671, 673, 675, 676, 681, 682, 683, 684, 685, 686, 688, 689, 690, 692, 693, 694, 695, 696, 698, 702, 704, 705, 707, 708, 709, 714, 716, 717, 718, 719, 720, 723, 724, 726, 727, 728, 729, 730, 731, 732, 733, 735, 737, 738, 742, 744, 745, 746, 748, 752, 754, 755, 757, 758, 759, 760, 762], "excluded_lines": [], "executed_branches": [[334, -324], [334, 335], [357, -347], [357, 358], [383, -370], [383, 386], [389, 390], [389, 393], [411, -395], [411, 413], [423, 424], [423, 427], [437, 438], [437, 440], [438, 439]], "missing_branches": [[438, 437], [446, 447], [446, 450], [492, 493], [492, 525], [495, 492], [495, 496], [496, 498], [496, 504], [498, 499], [498, 501], [504, 495], [504, 505], [507, 508], [507, 511], [513, 515], [513, 520], [515, 504], [515, 516], [521, 504], [521, 522], [563, 564], [563, 587], [564, 563], [564, 565], [565, 567], [565, 570], [570, 564], [570, 571], [573, 576], [573, 579], [579, 580], [579, 583], [583, 570], [583, 584], [619, 623], [619, 628], [623, 624], [623, 626], [634, 635], [634, 638], [651, 652], [651, 655], [670, 671], [670, 673], [681, 682], [681, 688], [704, 705], [704, 707], [716, 717], [716, 726], [723, 724], [723, 748], [726, 727], [726, 735], [730, 731], [730, 732], [735, 737], [735, 742], [754, 755], [754, 757]], "functions": {"D150VATReport._compute_sales_totals": {"executed_lines": [334, 335, 341], "summary": {"covered_lines": 3, "num_statements": 3, "percent_covered": 100.0, "percent_covered_display": "100", "missing_lines": 0, "excluded_lines": 0, "percent_statements_covered": 100.0, "percent_statements_covered_display": "100", "num_branches": 2, "num_partial_branches": 0, "covered_branches": 2, "missing_branches": 0, "percent_branches_covered": 100.0, "percent_branches_covered_display": "100"}, "missing_lines": [], "excluded_lines": [], "start_line": 332, "executed_branches": [[334, -324], [334, 335]], "missing_branches": []}, "D150VATReport._compute_purchases_totals": {"executed_lines": [357, 358, 364], "summary": {"covered_lines": 3, "num_statements": 3, "percent_covered": 100.0, "percent_covered_display": "100", "missing_lines": 0, "excluded_lines": 0, "percent_statements_covered": 100.0, "percent_statements_covered_display": "100", "num_branches": 2, "num_partial_branches": 0, "covered_branches": 2, "missing_branches": 0, "percent_branches_covered": 100.0, "percent_branches_covered_display": "100"}, "missing_lines": [], "excluded_lines": [], "start_line": 355, "executed_branches": [[357, -347], [357, 358]], "missing_branches": []}, "D150VATReport._compute_proportionality": {"executed_lines": [383, 386, 387, 389, 390, 393], "summary": {"covered_lines": 6, "num_statements": 6, "percent_covered": 100.0, "percent_covered_display": "100", "missing_lines": 0, "excluded_lines": 0, "percent_statements_covered": 100.0, "percent_statements_covered_display": "100", "num_branches": 4, "num_partial_branches": 0, "covered_branches": 4, "missing_branches": 0, "percent_branches_covered": 100.0, "percent_branches_covered_display": "100"}, "missing_lines": [], "excluded_lines": [], "start_line": 371, "executed_branches": [[383, -370], [383, 386], [389, 390], [389, 393]], "missing_branches": []}, "D150VATReport._compute_settlement": {"executed_lines": [411, 413, 416, 423, 424, 425, 427, 428], "summary": {"covered_lines": 8, "num_statements": 8, "percent_covered": 100.0, "percent_covered_display": "100", "missing_lines": 0, "excluded_lines": 0, "percent_statements_covered": 100.0, "percent_statements_covered_display": "100", "num_branches": 4, "num_partial_branches": 0, "covered_branches": 4, "missing_branches": 0, "percent_branches_covered": 100.0, "percent_branches_covered_display": "100"}, "missing_lines": [], "excluded_lines": [], "start_line": 401, "executed_branches": [[411, -395], [411, 413], [423, 424], [423, 427]], "missing_branches": []}, "D150VATReport.create": {"executed_lines": [437, 438, 439, 440], "summary": {"covered_lines": 4, "num_statements": 4, "percent_covered": 87.5, "percent_covered_display": "88", "missing_lines": 0, "excluded_lines": 0, "percent_statements_covered": 100.0, "percent_statements_covered_display": "100", "num_branches": 4, "num_partial_branches": 1, "covered_branches": 3, "missing_branches": 1, "percent_branches_covered": 75.0, "percent_branches_covered_display": "75"}, "missing_lines": [], "excluded_lines": [], "start_line": 435, "executed_branches": [[437, 438], [437, 440], [438, 439]], "missing_branches": [[438, 437]]}, "D150VATReport.action_calculate": {"executed_lines": [], "summary": {"covered_lines": 0, "num_statements": 9, "percent_covered": 0.0, "percent_covered_display": "0", "missing_lines": 9, "excluded_lines": 0, "percent_statements_covered": 0.0, "percent_statements_covered_display": "0", "num_branches": 2, "num_partial_branches": 0, "covered_branches": 0, "missing_branches": 2, "percent_branches_covered": 0.0, "percent_branches_covered_display": "0"}, "missing_lines": [444, 446, 447, 450, 453, 456, 458, 459, 461], "excluded_lines": [], "start_line": 442, "executed_branches": [], "missing_branches": [[446, 447], [446, 450]]}, "D150VATReport._calculate_sales": {"executed_lines": [], "summary": {"covered_lines": 0, "num_statements": 36, "percent_covered": 0.0, "percent_covered_display": "0", "missing_lines": 36, "excluded_lines": 0, "percent_statements_covered": 0.0, "percent_statements_covered_display": "0", "num_branches": 18, "num_partial_branches": 0, "covered_branches": 0, "missing_branches": 18, "percent_branches_covered": 0.0, "percent_branches_covered_display": "0"}, "missing_lines": [465, 467, 470, 479, 487, 492, 493, 495, 496, 498, 499, 501, 502, 504, 505, 507, 508, 511, 513, 515, 516, 517, 520, 521, 522, 525, 526, 527, 528, 529, 530, 531, 532, 533, 535, 536], "excluded_lines": [], "start_line": 463, "executed_branches": [], "missing_branches": [[492, 493], [492, 525], [495, 492], [495, 496], [496, 498], [496, 504], [498, 499], [498, 501], [504, 495], [504, 505], [507, 508], [507, 511], [513, 515], [513, 520], [515, 504], [515, 516], [521, 504], [521, 522]]}, "D150VATReport._calculate_purchases": {"executed_lines": [], "summary": {"covered_lines": 0, "num_statements": 30, "percent_covered": 0.0, "percent_covered_display": "0", "missing_lines": 30, "excluded_lines": 0, "percent_statements_covered": 0.0, "percent_statements_covered_display": "0", "num_branches": 14, "num_partial_branches": 0, "covered_branches": 0, "missing_branches": 14, "percent_branches_covered": 0.0, "percent_branches_covered_display": "0"}, "missing_lines": [540, 542, 545, 554, 563, 564, 565, 567, 568, 570, 571, 573, 576, 577, 579, 580, 581, 583, 584, 587, 588, 589, 590, 592, 593, 595, 596, 598, 599, 601], "excluded_lines": [], "start_line": 538, "executed_branches": [], "missing_branches": [[563, 564], [563, 587], [564, 563], [564, 565], [565, 567], [565, 570], [570, 564], [570, 571], [573, 576], [573, 579], [579, 580], [579, 583], [583, 570], [583, 584]]}, "D150VATReport._get_previous_balance": {"executed_lines": [], "summary": {"covered_lines": 0, "num_statements": 8, "percent_covered": 0.0, "percent_covered_display": "0", "missing_lines": 8, "excluded_lines": 0, "percent_statements_covered": 0.0, "percent_statements_covered_display": "0", "num_branches": 4, "num_partial_branches": 0, "covered_branches": 0, "missing_branches": 4, "percent_branches_covered": 0.0, "percent_branches_covered_display": "0"}, "missing_lines": [605, 608, 611, 619, 623, 624, 626, 628], "excluded_lines": [], "start_line": 603, "executed_branches": [], "missing_branches": [[619, 623], [619, 628], [623, 624], [623, 626]]}, "D150VATReport.action_generate_xml": {"executed_lines": [], "summary": {"covered_lines": 0, "num_statements": 9, "percent_covered": 0.0, "percent_covered_display": "0", "missing_lines": 9, "excluded_lines": 0, "percent_statements_covered": 0.0, "percent_statements_covered_display": "0", "num_branches": 2, "num_partial_branches": 0, "covered_branches": 0, "missing_branches": 2, "percent_branches_covered": 0.0, "percent_branches_covered_display": "0"}, "missing_lines": [632, 634, 635, 638, 639, 641, 642, 643, 645], "excluded_lines": [], "start_line": 630, "executed_branches": [], "missing_branches": [[634, 635], [634, 638]]}, "D150VATReport.action_sign_xml": {"executed_lines": [], "summary": {"covered_lines": 0, "num_statements": 8, "percent_covered": 0.0, "percent_covered_display": "0", "missing_lines": 8, "excluded_lines": 0, "percent_statements_covered": 0.0, "percent_statements_covered_display": "0", "num_branches": 2, "num_partial_branches": 0, "covered_branches": 0, "missing_branches": 2, "percent_branches_covered": 0.0, "percent_branches_covered_display": "0"}, "missing_lines": [649, 651, 652, 655, 656, 661, 662, 664], "excluded_lines": [], "start_line": 647, "executed_branches": [], "missing_branches": [[651, 652], [651, 655]]}, "D150VATReport.action_submit_to_hacienda": {"executed_lines": [], "summary": {"covered_lines": 0, "num_statements": 21, "percent_covered": 0.0, "percent_covered_display": "0", "missing_lines": 21, "excluded_lines": 0, "percent_statements_covered": 0.0, "percent_statements_covered_display": "0", "num_branches": 4, "num_partial_branches": 0, "covered_branches": 0, "missing_branches": 4, "percent_branches_covered": 0.0, "percent_branches_covered_display": "0"}, "missing_lines": [668, 670, 671, 673, 675, 676, 681, 682, 683, 684, 685, 686, 688, 689, 690, 692, 693, 694, 695, 696, 698], "excluded_lines": [], "start_line": 666, "executed_branches": [], "missing_branches": [[670, 671], [670, 673], [681, 682], [681, 688]]}, "D150VATReport.action_check_status": {"executed_lines": [], "summary": {"covered_lines": 0, "num_statements": 30, "percent_covered": 0.0, "percent_covered_display": "0", "missing_lines": 30, "excluded_lines": 0, "percent_statements_covered": 0.0, "percent_statements_covered_display": "0", "num_branches": 12, "num_partial_branches": 0, "covered_branches": 0, "missing_branches": 12, "percent_branches_covered": 0.0, "percent_branches_covered_display": "0"}, "missing_lines": [702, 704, 705, 707, 708, 709, 714, 716, 717, 718, 719, 720, 723, 724, 726, 727, 728, 729, 730, 731, 732, 733, 735, 737, 738, 742, 744, 745, 746, 748], "excluded_lines": [], "start_line": 700, "executed_branches": [], "missing_branches": [[704, 705], [704, 707], [716, 717], [716, 726], [723, 724], [723, 748], [726, 727], [726, 735], [730, 731], [730, 732], [735, 737], [735, 742]]}, "D150VATReport.action_reset_to_draft": {"executed_lines": [], "summary": {"covered_lines": 0, "num_statements": 8, "percent_covered": 0.0, "percent_covered_display": "0", "missing_lines": 8, "excluded_lines": 0, "percent_statements_covered": 0.0, "percent_statements_covered_display": "0", "num_branches": 2, "num_partial_branches": 0, "covered_branches": 0, "missing_branches": 2, "percent_branches_covered": 0.0, "percent_branches_covered_display": "0"}, "missing_lines": [752, 754, 755, 757, 758, 759, 760, 762], "excluded_lines": [], "start_line": 750, "executed_branches": [], "missing_branches": [[754, 755], [754, 757]]}, "": {"executed_lines": [2, 3, 4, 7, 16, 17, 18, 19, 21, 28, 36, 43, 57, 62, 68, 73, 79, 84, 90, 95, 101, 107, 115, 124, 129, 139, 144, 150, 155, 161, 166, 172, 177, 183, 188, 194, 200, 208, 220, 228, 236, 243, 251, 259, 267, 278, 284, 290, 297, 303, 309, 315, 324, 332, 347, 355, 370, 371, 395, 401, 434, 435, 442, 463, 538, 603, 630, 647, 666, 700, 750], "summary": {"covered_lines": 71, "num_statements": 71, "percent_covered": 100.0, "percent_covered_display": "100", "missing_lines": 0, "excluded_lines": 0, "percent_statements_covered": 100.0, "percent_statements_covered_display": "100", "num_branches": 0, "num_partial_branches": 0, "covered_branches": 0, "missing_branches": 0, "percent_branches_covered": 100.0, "percent_branches_covered_display": "100"}, "missing_lines": [], "excluded_lines": [], "start_line": 1, "executed_branches": [], "missing_branches": []}}, "classes": {"D150VATReport": {"executed_lines": [334, 335, 341, 357, 358, 364, 383, 386, 387, 389, 390, 393, 411, 413, 416, 423, 424, 425, 427, 428, 437, 438, 439, 440], "summary": {"covered_lines": 24, "num_statements": 183, "percent_covered": 15.057915057915057, "percent_covered_display": "15", "missing_lines": 159, "excluded_lines": 0, "percent_statements_covered": 13.114754098360656, "percent_statements_covered_display": "13", "num_branches": 76, "num_partial_branches": 1, "covered_branches": 15, "missing_branches": 61, "percent_branches_covered": 19.736842105263158, "percent_branches_covered_display": "20"}, "missing_lines": [444, 446, 447, 450, 453, 456, 458, 459, 461, 465, 467, 470, 479, 487, 492, 493, 495, 496, 498, 499, 501, 502, 504, 505, 507, 508, 511, 513, 515, 516, 517, 520, 521, 522, 525, 526, 527, 528, 529, 530, 531, 532, 533, 535, 536, 540, 542, 545, 554, 563, 564, 565, 567, 568, 570, 571, 573, 576, 577, 579, 580, 581, 583, 584, 587, 588, 589, 590, 592, 593, 595, 596, 598, 599, 601, 605, 608, 611, 619, 623, 624, 626, 628, 632, 634, 635, 638, 639, 641, 642, 643, 645, 649, 651, 652, 655, 656, 661, 662, 664, 668, 670, 671, 673, 675, 676, 681, 682, 683, 684, 685, 686, 688, 689, 690, 692, 693, 694, 695, 696, 698, 702, 704, 705, 707, 708, 709, 714, 716, 717, 718, 719, 720, 723, 724, 726, 727, 728, 729, 730, 731, 732, 733, 735, 737, 738, 742, 744, 745, 746, 748, 752, 754, 755, 757, 758, 759, 760, 762], "excluded_lines": [], "start_line": 7, "executed_branches": [[334, -324], [334, 335], [357, -347], [357, 358], [383, -370], [383, 386], [389, 390], [389, 393], [411, -395], [411, 413], [423, 424], [423, 427], [437, 438], [437, 440], [438, 439]], "missing_branches": [[438, 437], [446, 447], [446, 450], [492, 493], [492, 525], [495, 492], [495, 496], [496, 498], [496, 504], [498, 499], [498, 501], [504, 495], [504, 505], [507, 508], [507, 511], [513, 515], [513, 520], [515, 504], [515, 516], [521, 504], [521, 522], [563, 564], [563, 587], [564, 563], [564, 565], [565, 567], [565, 570], [570, 564], [570, 571], [573, 576], [573, 579], [579, 580], [579, 583], [583, 570], [583, 584], [619, 623], [619, 628], [623, 624], [623, 626], [634, 635], [634, 638], [651, 652], [651, 655], [670, 671], [670, 673], [681, 682], [681, 688], [704, 705], [704, 707], [716, 717], [716, 726], [723, 724], [723, 748], [726, 727], [726, 735], [730, 731], [730, 732], [735, 737], [735, 742], [754, 755], [754, 757]]}, "": {"executed_lines": [2, 3, 4, 7, 16, 17, 18, 19, 21, 28, 36, 43, 57, 62, 68, 73, 79, 84, 90, 95, 101, 107, 115, 124, 129, 139, 144, 150, 155, 161, 166, 172, 177, 183, 188, 194, 200, 208, 220, 228, 236, 243, 251, 259, 267, 278, 284, 290, 297, 303, 309, 315, 324, 332, 347, 355, 370, 371, 395, 401, 434, 435, 442, 463, 538, 603, 630, 647, 666, 700, 750], "summary": {"covered_lines": 71, "num_statements": 71, "percent_covered": 100.0, "percent_covered_display": "100", "missing_lines": 0, "excluded_lines": 0, "percent_statements_covered": 100.0, "percent_statements_covered_display": "100", "num_branches": 0, "num_partial_branches": 0, "covered_branches": 0, "missing_branches": 0, "percent_branches_covered": 100.0, "percent_branches_covered_display": "100"}, "missing_lines": [], "excluded_lines": [], "start_line": 1, "executed_branches": [], "missing_branches": []}}}, "odoo/custom_addons/l10n_cr_einvoice/models/d151_informative_report.py": {"executed_lines": [2, 3, 6, 16, 17, 18, 19, 21, 28, 36, 43, 57, 64, 75, 82, 89, 97, 109, 116, 123, 130, 141, 147, 153, 160, 166, 172, 178, 187, 188, 190, 191, 192, 194, 197, 205, 206, 208, 209, 210, 211, 213, 240, 286, 332, 348, 366, 399, 445, 447, 449, 452, 453, 454, 455, 457, 460, 462, 463, 464, 466, 473, 479, 485, 490, 497, 502, 510, 512, 513, 514, 516, 523, 529, 535, 540, 547, 552, 559, 561, 562, 563, 565, 572, 578, 584, 589, 599, 606, 611], "summary": {"covered_lines": 90, "num_statements": 185, "percent_covered": 43.83561643835616, "percent_covered_display": "44", "missing_lines": 95, "excluded_lines": 0, "percent_statements_covered": 48.648648648648646, "percent_statements_covered_display": "49", "num_branches": 34, "num_partial_branches": 2, "covered_branches": 6, "missing_branches": 28, "percent_branches_covered": 17.647058823529413, "percent_branches_covered_display": "18"}, "missing_lines": [218, 220, 221, 224, 225, 228, 231, 233, 234, 238, 244, 247, 263, 270, 272, 273, 275, 277, 290, 293, 309, 316, 318, 319, 321, 323, 334, 336, 337, 339, 340, 342, 343, 344, 346, 350, 352, 353, 355, 356, 361, 362, 364, 368, 370, 371, 373, 374, 375, 380, 381, 382, 383, 384, 385, 387, 388, 389, 391, 392, 393, 394, 395, 397, 401, 403, 404, 406, 407, 408, 413, 415, 416, 417, 418, 419, 420, 421, 423, 424, 425, 426, 427, 428, 429, 430, 432, 433, 434, 437, 439, 440, 441, 443, 450], "excluded_lines": [], "executed_branches": [[190, -187], [190, 191], [208, 209], [208, 211], [209, 210], [449, 452]], "missing_branches": [[209, 208], [220, 221], [220, 224], [272, -240], [272, 273], [318, -286], [318, 319], [336, 337], [336, 339], [352, 353], [352, 355], [370, 371], [370, 373], [380, 381], [380, 387], [403, 404], [403, 406], [415, 416], [415, 423], [420, 421], [420, 443], [423, 424], [423, 432], [427, 428], [427, 429], [432, 433], [432, 437], [449, 450]], "functions": {"D151InformativeReport._compute_statistics": {"executed_lines": [190, 191, 192, 194, 197], "summary": {"covered_lines": 5, "num_statements": 5, "percent_covered": 100.0, "percent_covered_display": "100", "missing_lines": 0, "excluded_lines": 0, "percent_statements_covered": 100.0, "percent_statements_covered_display": "100", "num_branches": 2, "num_partial_branches": 0, "covered_branches": 2, "missing_branches": 0, "percent_branches_covered": 100.0, "percent_branches_covered_display": "100"}, "missing_lines": [], "excluded_lines": [], "start_line": 188, "executed_branches": [[190, -187], [190, 191]], "missing_branches": []}, "D151InformativeReport.create": {"executed_lines": [208, 209, 210, 211], "summary": {"covered_lines": 4, "num_statements": 4, "percent_covered": 87.5, "percent_covered_display": "88", "missing_lines": 0, "excluded_lines": 0, "percent_statements_covered": 100.0, "percent_statements_covered_display": "100", "num_branches": 4, "num_partial_branches": 1, "covered_branches": 3, "missing_branches": 1, "percent_branches_covered": 75.0, "percent_branches_covered_display": "75"}, "missing_lines": [], "excluded_lines": [], "start_line": 206, "executed_branches": [[208, 209], [208, 211], [209, 210]], "missing_branches": [[209, 208]]}, "D151InformativeReport.action_calculate": {"executed_lines": [], "summary": {"covered_lines": 0, "num_statements": 10, "percent_covered": 0.0, "percent_covered_display": "0", "missing_lines": 10, "excluded_lines": 0, "percent_statements_covered": 0.0, "percent_statements_covered_display": "0", "num_branches": 2, "num_partial_branches": 0, "covered_branches": 0, "missing_branches": 2, "percent_branches_covered": 0.0, "percent_branches_covered_display": "0"}, "missing_lines": [218, 220, 221, 224, 225, 228, 231, 233, 234, 238], "excluded_lines": [], "start_line": 213, "executed_branches": [], "missing_branches": [[220, 221], [220, 224]]}, "D151InformativeReport._calculate_customer_lines": {"executed_lines": [], "summary": {"covered_lines": 0, "num_statements": 8, "percent_covered": 0.0, "percent_covered_display": "0", "missing_lines": 8, "excluded_lines": 0, "percent_statements_covered": 0.0, "percent_statements_covered_display": "0", "num_branches": 2, "num_partial_branches": 0, "covered_branches": 0, "missing_branches": 2, "percent_branches_covered": 0.0, "percent_branches_covered_display": "0"}, "missing_lines": [244, 247, 263, 270, 272, 273, 275, 277], "excluded_lines": [], "start_line": 240, "executed_branches": [], "missing_branches": [[272, -240], [272, 273]]}, "D151InformativeReport._calculate_supplier_lines": {"executed_lines": [], "summary": {"covered_lines": 0, "num_statements": 8, "percent_covered": 0.0, "percent_covered_display": "0", "missing_lines": 8, "excluded_lines": 0, "percent_statements_covered": 0.0, "percent_statements_covered_display": "0", "num_branches": 2, "num_partial_branches": 0, "covered_branches": 0, "missing_branches": 2, "percent_branches_covered": 0.0, "percent_branches_covered_display": "0"}, "missing_lines": [290, 293, 309, 316, 318, 319, 321, 323], "excluded_lines": [], "start_line": 286, "executed_branches": [], "missing_branches": [[318, -286], [318, 319]]}, "D151InformativeReport.action_generate_xml": {"executed_lines": [], "summary": {"covered_lines": 0, "num_statements": 9, "percent_covered": 0.0, "percent_covered_display": "0", "missing_lines": 9, "excluded_lines": 0, "percent_statements_covered": 0.0, "percent_statements_covered_display": "0", "num_branches": 2, "num_partial_branches": 0, "covered_branches": 0, "missing_branches": 2, "percent_branches_covered": 0.0, "percent_branches_covered_display": "0"}, "missing_lines": [334, 336, 337, 339, 340, 342, 343, 344, 346], "excluded_lines": [], "start_line": 332, "executed_branches": [], "missing_branches": [[336, 337], [336, 339]]}, "D151InformativeReport.action_sign_xml": {"executed_lines": [], "summary": {"covered_lines": 0, "num_statements": 8, "percent_covered": 0.0, "percent_covered_display": "0", "missing_lines": 8, "excluded_lines": 0, "percent_statements_covered": 0.0, "percent_statements_covered_display": "0", "num_branches": 2, "num_partial_branches": 0, "covered_branches": 0, "missing_branches": 2, "percent_branches_covered": 0.0, "percent_branches_covered_display": "0"}, "missing_lines": [350, 352, 353, 355, 356, 361, 362, 364], "excluded_lines": [], "start_line": 348, "executed_branches": [], "missing_branches": [[352, 353], [352, 355]]}, "D151InformativeReport.action_submit_to_hacienda": {"executed_lines": [], "summary": {"covered_lines": 0, "num_statements": 21, "percent_covered": 0.0, "percent_covered_display": "0", "missing_lines": 21, "excluded_lines": 0, "percent_statements_covered": 0.0, "percent_statements_covered_display": "0", "num_branches": 4, "num_partial_branches": 0, "covered_branches": 0, "missing_branches": 4, "percent_branches_covered": 0.0, "percent_branches_covered_display": "0"}, "missing_lines": [368, 370, 371, 373, 374, 375, 380, 381, 382, 383, 384, 385, 387, 388, 389, 391, 392, 393, 394, 395, 397], "excluded_lines": [], "start_line": 366, "executed_branches": [], "missing_branches": [[370, 371], [370, 373], [380, 381], [380, 387]]}, "D151InformativeReport.action_check_status": {"executed_lines": [], "summary": {"covered_lines": 0, "num_statements": 30, "percent_covered": 0.0, "percent_covered_display": "0", "missing_lines": 30, "excluded_lines": 0, "percent_statements_covered": 0.0, "percent_statements_covered_display": "0", "num_branches": 12, "num_partial_branches": 0, "covered_branches": 0, "missing_branches": 12, "percent_branches_covered": 0.0, "percent_branches_covered_display": "0"}, "missing_lines": [401, 403, 404, 406, 407, 408, 413, 415, 416, 417, 418, 419, 420, 421, 423, 424, 425, 426, 427, 428, 429, 430, 432, 433, 434, 437, 439, 440, 441, 443], "excluded_lines": [], "start_line": 399, "executed_branches": [], "missing_branches": [[403, 404], [403, 406], [415, 416], [415, 423], [420, 421], [420, 443], [423, 424], [423, 432], [427, 428], [427, 429], [432, 433], [432, 437]]}, "D151InformativeReport.action_reset_to_draft": {"executed_lines": [447, 449, 452, 453, 454, 455, 457], "summary": {"covered_lines": 7, "num_statements": 8, "percent_covered": 80.0, "percent_covered_display": "80", "missing_lines": 1, "excluded_lines": 0, "percent_statements_covered": 87.5, "percent_statements_covered_display": "88", "num_branches": 2, "num_partial_branches": 1, "covered_branches": 1, "missing_branches": 1, "percent_branches_covered": 50.0, "percent_branches_covered_display": "50"}, "missing_lines": [450], "excluded_lines": [], "start_line": 445, "executed_branches": [[449, 452]], "missing_branches": [[449, 450]]}, "": {"executed_lines": [2, 3, 6, 16, 17, 18, 19, 21, 28, 36, 43, 57, 64, 75, 82, 89, 97, 109, 116, 123, 130, 141, 147, 153, 160, 166, 172, 178, 187, 188, 205, 206, 213, 240, 286, 332, 348, 366, 399, 445, 460, 462, 463, 464, 466, 473, 479, 485, 490, 497, 502, 510, 512, 513, 514, 516, 523, 529, 535, 540, 547, 552, 559, 561, 562, 563, 565, 572, 578, 584, 589, 599, 606, 611], "summary": {"covered_lines": 74, "num_statements": 74, "percent_covered": 100.0, "percent_covered_display": "100", "missing_lines": 0, "excluded_lines": 0, "percent_statements_covered": 100.0, "percent_statements_covered_display": "100",
[...]
3, "percent_covered": 100.0, "percent_covered_display": "100", "missing_lines": 0, "excluded_lines": 0, "percent_statements_covered": 100.0, "percent_statements_covered_display": "100", "num_branches": 0, "num_partial_branches": 0, "covered_branches": 0, "missing_branches": 0, "percent_branches_covered": 100.0, "percent_branches_covered_display": "100"}, "missing_lines": [], "excluded_lines": [], "start_line": 1, "executed_branches": [], "missing_branches": []}}}, "odoo/custom_addons/l10n_cr_einvoice/wizards/gym_invoice_void_wizard.py": {"executed_lines": [18, 19, 21, 22, 24, 27, 39, 40, 47, 55, 61, 68, 74, 81, 88, 96, 108, 114, 129, 135, 141, 150, 155, 160, 166, 172, 179, 186, 194, 201, 210, 211, 240, 241, 252, 253, 262, 263, 271, 318, 319, 332, 333, 345, 430, 468, 489, 536, 579, 604, 636, 673, 723, 727, 743], "summary": {"covered_lines": 55, "num_statements": 207, "percent_covered": 19.29824561403509, "percent_covered_display": "19", "missing_lines": 152, "excluded_lines": 0, "percent_statements_covered": 26.570048309178745, "percent_statements_covered_display": "27", "num_branches": 78, "num_partial_branches": 0, "covered_branches": 0, "missing_branches": 78, "percent_branches_covered": 0.0, "percent_branches_covered_display": "0"}, "missing_lines": [214, 216, 243, 246, 247, 248, 250, 255, 256, 257, 258, 265, 266, 267, 273, 275, 276, 278, 279, 284, 285, 291, 296, 297, 304, 305, 306, 307, 312, 321, 322, 323, 324, 325, 326, 327, 328, 329, 330, 335, 336, 338, 339, 359, 362, 365, 367, 369, 370, 371, 374, 375, 376, 379, 380, 381, 384, 385, 388, 389, 390, 393, 394, 395, 398, 401, 404, 407, 409, 410, 411, 413, 419, 421, 432, 435, 438, 439, 440, 443, 453, 456, 459, 460, 464, 466, 470, 473, 474, 477, 483, 485, 487, 492, 495, 496, 538, 540, 552, 554, 561, 562, 564, 565, 567, 568, 570, 572, 577, 581, 583, 585, 586, 589, 590, 593, 594, 596, 598, 599, 602, 606, 608, 609, 610, 612, 614, 617, 618, 619, 622, 630, 632, 633, 638, 641, 660, 661, 675, 677, 695, 696, 700, 725, 729, 731, 732, 734, 745, 747, 748, 750], "excluded_lines": [], "executed_branches": [], "missing_branches": [[214, -210], [214, 216], [247, 248], [247, 250], [255, -252], [255, 256], [256, 255], [256, 257], [257, 255], [257, 258], [265, -262], [265, 266], [266, 265], [266, 267], [275, 276], [275, 278], [278, 279], [278, 284], [284, 285], [284, 291], [296, 297], [296, 304], [304, 305], [304, 312], [306, 307], [306, 312], [321, 322], [321, 325], [323, -318], [323, 324], [325, 326], [325, 328], [326, -318], [326, 327], [328, -318], [328, 329], [329, -318], [329, 330], [335, 336], [335, 338], [338, -332], [338, 339], [379, 380], [379, 384], [388, 389], [388, 393], [393, 394], [393, 398], [439, 440], [439, 443], [459, 460], [459, 464], [473, 474], [473, 477], [561, 562], [561, 564], [564, 565], [564, 567], [567, 568], [567, 570], [585, 586], [585, 589], [589, 590], [589, 593], [593, 594], [593, 596], [608, 609], [608, 612], [617, 618], [617, 622], [660, -636], [660, 661], [695, 696], [695, 700], [731, 732], [731, 734], [747, 748], [747, 750]], "functions": {"GymInvoiceVoidWizard._compute_has_membership": {"executed_lines": [], "summary": {"covered_lines": 0, "num_statements": 2, "percent_covered": 0.0, "percent_covered_display": "0", "missing_lines": 2, "excluded_lines": 0, "percent_statements_covered": 0.0, "percent_statements_covered_display": "0", "num_branches": 2, "num_partial_branches": 0, "covered_branches": 0, "missing_branches": 2, "percent_branches_covered": 0.0, "percent_branches_covered_display": "0"}, "missing_lines": [214, 216], "excluded_lines": [], "start_line": 211, "executed_branches": [], "missing_branches": [[214, -210], [214, 216]]}, "GymInvoiceVoidWizard.default_get": {"executed_lines": [], "summary": {"covered_lines": 0, "num_statements": 5, "percent_covered": 0.0, "percent_covered_display": "0", "missing_lines": 5, "excluded_lines": 0, "percent_statements_covered": 0.0, "percent_statements_covered_display": "0", "num_branches": 2, "num_partial_branches": 0, "covered_branches": 0, "missing_branches": 2, "percent_branches_covered": 0.0, "percent_branches_covered_display": "0"}, "missing_lines": [243, 246, 247, 248, 250], "excluded_lines": [], "start_line": 241, "executed_branches": [], "missing_branches": [[247, 248], [247, 250]]}, "GymInvoiceVoidWizard._check_membership_cancellation_reason": {"executed_lines": [], "summary": {"covered_lines": 0, "num_statements": 4, "percent_covered": 0.0, "percent_covered_display": "0", "missing_lines": 4, "excluded_lines": 0, "percent_statements_covered": 0.0, "percent_statements_covered_display": "0", "num_branches": 6, "num_partial_branches": 0, "covered_branches": 0, "missing_branches": 6, "percent_branches_covered": 0.0, "percent_branches_covered_display": "0"}, "missing_lines": [255, 256, 257, 258], "excluded_lines": [], "start_line": 253, "executed_branches": [], "missing_branches": [[255, -252], [255, 256], [256, 255], [256, 257], [257, 255], [257, 258]]}, "GymInvoiceVoidWizard._check_refund_bank_account": {"executed_lines": [], "summary": {"covered_lines": 0, "num_statements": 3, "percent_covered": 0.0, "percent_covered_display": "0", "missing_lines": 3, "excluded_lines": 0, "percent_statements_covered": 0.0, "percent_statements_covered_display": "0", "num_branches": 4, "num_partial_branches": 0, "covered_branches": 0, "missing_branches": 4, "percent_branches_covered": 0.0, "percent_branches_covered_display": "0"}, "missing_lines": [265, 266, 267], "excluded_lines": [], "start_line": 263, "executed_branches": [], "missing_branches": [[265, -262], [265, 266], [266, 265], [266, 267]]}, "GymInvoiceVoidWizard._validate_invoice": {"executed_lines": [], "summary": {"covered_lines": 0, "num_statements": 15, "percent_covered": 0.0, "percent_covered_display": "0", "missing_lines": 15, "excluded_lines": 0, "percent_statements_covered": 0.0, "percent_statements_covered_display": "0", "num_branches": 12, "num_partial_branches": 0, "covered_branches": 0, "missing_branches": 12, "percent_branches_covered": 0.0, "percent_branches_covered_display": "0"}, "missing_lines": [273, 275, 276, 278, 279, 284, 285, 291, 296, 297, 304, 305, 306, 307, 312], "excluded_lines": [], "start_line": 271, "executed_branches": [], "missing_branches": [[275, 276], [275, 278], [278, 279], [278, 284], [284, 285], [284, 291], [296, 297], [296, 304], [304, 305], [304, 312], [306, 307], [306, 312]]}, "GymInvoiceVoidWizard._onchange_void_reason": {"executed_lines": [], "summary": {"covered_lines": 0, "num_statements": 10, "percent_covered": 0.0, "percent_covered_display": "0", "missing_lines": 10, "excluded_lines": 0, "percent_statements_covered": 0.0, "percent_statements_covered_display": "0", "num_branches": 12, "num_partial_branches": 0, "covered_branches": 0, "missing_branches": 12, "percent_branches_covered": 0.0, "percent_branches_covered_display": "0"}, "missing_lines": [321, 322, 323, 324, 325, 326, 327, 328, 329, 330], "excluded_lines": [], "start_line": 319, "executed_branches": [], "missing_branches": [[321, 322], [321, 325], [323, -318], [323, 324], [325, 326], [325, 328], [326, -318], [326, 327], [328, -318], [328, 329], [329, -318], [329, 330]]}, "GymInvoiceVoidWizard._onchange_refund_method": {"executed_lines": [], "summary": {"covered_lines": 0, "num_statements": 4, "percent_covered": 0.0, "percent_covered_display": "0", "missing_lines": 4, "excluded_lines": 0, "percent_statements_covered": 0.0, "percent_statements_covered_display": "0", "num_branches": 4, "num_partial_branches": 0, "covered_branches": 0, "missing_branches": 4, "percent_branches_covered": 0.0, "percent_branches_covered_display": "0"}, "missing_lines": [335, 336, 338, 339], "excluded_lines": [], "start_line": 333, "executed_branches": [], "missing_branches": [[335, 336], [335, 338], [338, -332], [338, 339]]}, "GymInvoiceVoidWizard.action_void_invoice": {"executed_lines": [], "summary": {"covered_lines": 0, "num_statements": 31, "percent_covered": 0.0, "percent_covered_display": "0", "missing_lines": 31, "excluded_lines": 0, "percent_statements_covered": 0.0, "percent_statements_covered_display": "0", "num_branches": 6, "num_partial_branches": 0, "covered_branches": 0, "missing_branches": 6, "percent_branches_covered": 0.0, "percent_branches_covered_display": "0"}, "missing_lines": [359, 362, 365, 367, 369, 370, 371, 374, 375, 376, 379, 380, 381, 384, 385, 388, 389, 390, 393, 394, 395, 398, 401, 404, 407, 409, 410, 411, 413, 419, 421], "excluded_lines": [], "start_line": 345, "executed_branches": [], "missing_branches": [[379, 380], [379, 384], [388, 389], [388, 393], [393, 394], [393, 398]]}, "GymInvoiceVoidWizard._create_credit_note": {"executed_lines": [], "summary": {"covered_lines": 0, "num_statements": 12, "percent_covered": 0.0, "percent_covered_display": "0", "missing_lines": 12, "excluded_lines": 0, "percent_statements_covered": 0.0, "percent_statements_covered_display": "0", "num_branches": 4, "num_partial_branches": 0, "covered_branches": 0, "missing_branches": 4, "percent_branches_covered": 0.0, "percent_branches_covered_display": "0"}, "missing_lines": [432, 435, 438, 439, 440, 443, 453, 456, 459, 460, 464, 466], "excluded_lines": [], "start_line": 430, "executed_branches": [], "missing_branches": [[439, 440], [439, 443], [459, 460], [459, 464]]}, "GymInvoiceVoidWizard._create_credit_note_einvoice": {"executed_lines": [], "summary": {"covered_lines": 0, "num_statements": 7, "percent_covered": 0.0, "percent_covered_display": "0", "missing_lines": 7, "excluded_lines": 0, "percent_statements_covered": 0.0, "percent_statements_covered_display": "0", "num_branches": 2, "num_partial_branches": 0, "covered_branches": 0, "missing_branches": 2, "percent_branches_covered": 0.0, "percent_branches_covered_display": "0"}, "missing_lines": [470, 473, 474, 477, 483, 485, 487], "excluded_lines": [], "start_line": 468, "executed_branches": [], "missing_branches": [[473, 474], [473, 477]]}, "GymInvoiceVoidWizard._cancel_memberships": {"executed_lines": [], "summary": {"covered_lines": 0, "num_statements": 3, "percent_covered": 0.0, "percent_covered_display": "0", "missing_lines": 3, "excluded_lines": 0, "percent_statements_covered": 0.0, "percent_statements_covered_display": "0", "num_branches": 0, "num_partial_branches": 0, "covered_branches": 0, "missing_branches": 0, "percent_branches_covered": 100.0, "percent_branches_covered_display": "100"}, "missing_lines": [492, 495, 496], "excluded_lines": [], "start_line": 489, "executed_branches": [], "missing_branches": []}, "GymInvoiceVoidWizard._process_refund": {"executed_lines": [], "summary": {"covered_lines": 0, "num_statements": 13, "percent_covered": 0.0, "percent_covered_display": "0", "missing_lines": 13, "excluded_lines": 0, "percent_statements_covered": 0.0, "percent_statements_covered_display": "0", "num_branches": 6, "num_partial_branches": 0, "covered_branches": 0, "missing_branches": 6, "percent_branches_covered": 0.0, "percent_branches_covered_display": "0"}, "missing_lines": [538, 540, 552, 554, 561, 562, 564, 565, 567, 568, 570, 572, 577], "excluded_lines": [], "start_line": 536, "executed_branches": [], "missing_branches": [[561, 562], [561, 564], [564, 565], [564, 567], [567, 568], [567, 570]]}, "GymInvoiceVoidWizard._submit_to_hacienda": {"executed_lines": [], "summary": {"covered_lines": 0, "num_statements": 12, "percent_covered": 0.0, "percent_covered_display": "0", "missing_lines": 12, "excluded_lines": 0, "percent_statements_covered": 0.0, "percent_statements_covered_display": "0", "num_branches": 6, "num_partial_branches": 0, "covered_branches": 0, "missing_branches": 6, "percent_branches_covered": 0.0, "percent_branches_covered_display": "0"}, "missing_lines": [581, 583, 585, 586, 589, 590, 593, 594, 596, 598, 599, 602], "excluded_lines": [], "start_line": 579, "executed_branches": [], "missing_branches": [[585, 586], [585, 589], [589, 590], [589, 593], [593, 594], [593, 596]]}, "GymInvoiceVoidWizard._send_email_notification": {"executed_lines": [], "summary": {"covered_lines": 0, "num_statements": 13, "percent_covered": 0.0, "percent_covered_display": "0", "missing_lines": 13, "excluded_lines": 0, "percent_statements_covered": 0.0, "percent_statements_covered_display": "0", "num_branches": 4, "num_partial_branches": 0, "covered_branches": 0, "missing_branches": 4, "percent_branches_covered": 0.0, "percent_branches_covered_display": "0"}, "missing_lines": [606, 608, 609, 610, 612, 614, 617, 618, 619, 622, 630, 632, 633], "excluded_lines": [], "start_line": 604, "executed_branches": [], "missing_branches": [[608, 609], [608, 612], [617, 618], [617, 622]]}, "GymInvoiceVoidWizard._log_void_action": {"executed_lines": [], "summary": {"covered_lines": 0, "num_statements": 4, "percent_covered": 0.0, "percent_covered_display": "0", "missing_lines": 4, "excluded_lines": 0, "percent_statements_covered": 0.0, "percent_statements_covered_display": "0", "num_branches": 2, "num_partial_branches": 0, "covered_branches": 0, "missing_branches": 2, "percent_branches_covered": 0.0, "percent_branches_covered_display": "0"}, "missing_lines": [638, 641, 660, 661], "excluded_lines": [], "start_line": 636, "executed_branches": [], "missing_branches": [[660, -636], [660, 661]]}, "GymInvoiceVoidWizard._show_success_message": {"executed_lines": [], "summary": {"covered_lines": 0, "num_statements": 5, "percent_covered": 0.0, "percent_covered_display": "0", "missing_lines": 5, "excluded_lines": 0, "percent_statements_covered": 0.0, "percent_statements_covered_display": "0", "num_branches": 2, "num_partial_branches": 0, "covered_branches": 0, "missing_branches": 2, "percent_branches_covered": 0.0, "percent_branches_covered_display": "0"}, "missing_lines": [675, 677, 695, 696, 700], "excluded_lines": [], "start_line": 673, "executed_branches": [], "missing_branches": [[695, 696], [695, 700]]}, "GymInvoiceVoidWizard.action_cancel": {"executed_lines": [], "summary": {"covered_lines": 0, "num_statements": 1, "percent_covered": 0.0, "percent_covered_display": "0", "missing_lines": 1, "excluded_lines": 0, "percent_statements_covered": 0.0, "percent_statements_covered_display": "0", "num_branches": 0, "num_partial_branches": 0, "covered_branches": 0, "missing_branches": 0, "percent_branches_covered": 100.0, "percent_branches_covered_display": "100"}, "missing_lines": [725], "excluded_lines": [], "start_line": 723, "executed_branches": [], "missing_branches": []}, "GymInvoiceVoidWizard.action_view_credit_note": {"executed_lines": [], "summary": {"covered_lines": 0, "num_statements": 4, "percent_covered": 0.0, "percent_covered_display": "0", "missing_lines": 4, "excluded_lines": 0, "percent_statements_covered": 0.0, "percent_statements_covered_display": "0", "num_branches": 2, "num_partial_branches": 0, "covered_branches": 0, "missing_branches": 2, "percent_branches_covered": 0.0, "percent_branches_covered_display": "0"}, "missing_lines": [729, 731, 732, 734], "excluded_lines": [], "start_line": 727, "executed_branches": [], "missing_branches": [[731, 732], [731, 734]]}, "GymInvoiceVoidWizard.action_view_einvoice": {"executed_lines": [], "summary": {"covered_lines": 0, "num_statements": 4, "percent_covered": 0.0, "percent_covered_display": "0", "missing_lines": 4, "excluded_lines": 0, "percent_statements_covered": 0.0, "percent_statements_covered_display": "0", "num_branches": 2, "num_partial_branches": 0, "covered_branches": 0, "missing_branches": 2, "percent_branches_covered": 0.0, "percent_branches_covered_display": "0"}, "missing_lines": [745, 747, 748, 750], "excluded_lines": [], "start_line": 743, "executed_branches": [], "missing_branches": [[747, 748], [747, 750]]}, "": {"executed_lines": [18, 19, 21, 22, 24, 27, 39, 40, 47, 55, 61, 68, 74, 81, 88, 96, 108, 114, 129, 135, 141, 150, 155, 160, 166, 172, 179, 186, 194, 201, 210, 211, 240, 241, 252, 253, 262, 263, 271, 318, 319, 332, 333, 345, 430, 468, 489, 536, 579, 604, 636, 673, 723, 727, 743], "summary": {"covered_lines": 55, "num_statements": 55, "percent_covered": 100.0, "percent_covered_display": "100", "missing_lines": 0, "excluded_lines": 0, "percent_statements_covered": 100.0, "percent_statements_covered_display": "100", "num_branches": 0, "num_partial_branches": 0, "covered_branches": 0, "missing_branches": 0, "percent_branches_covered": 100.0, "percent_branches_covered_display": "100"}, "missing_lines": [], "excluded_lines": [], "start_line": 1, "executed_branches": [], "missing_branches": []}}, "classes": {"GymInvoiceVoidWizard": {"executed_lines": [], "summary": {"covered_lines": 0, "num_statements": 152, "percent_covered": 0.0, "percent_covered_display": "0", "missing_lines": 152, "excluded_lines": 0, "percent_statements_covered": 0.0, "percent_statements_covered_display": "0", "num_branches": 78, "num_partial_branches": 0, "covered_branches": 0, "missing_branches": 78, "percent_branches_covered": 0.0, "percent_branches_covered_display": "0"}, "missing_lines": [214, 216, 243, 246, 247, 248, 250, 255, 256, 257, 258, 265, 266, 267, 273, 275, 276, 278, 279, 284, 285, 291, 296, 297, 304, 305, 306, 307, 312, 321, 322, 323, 324, 325, 326, 327, 328, 329, 330, 335, 336, 338, 339, 359, 362, 365, 367, 369, 370, 371, 374, 375, 376, 379, 380, 381, 384, 385, 388, 389, 390, 393, 394, 395, 398, 401, 404, 407, 409, 410, 411, 413, 419, 421, 432, 435, 438, 439, 440, 443, 453, 456, 459, 460, 464, 466, 470, 473, 474, 477, 483, 485, 487, 492, 495, 496, 538, 540, 552, 554, 561, 562, 564, 565, 567, 568, 570, 572, 577, 581, 583, 585, 586, 589, 590, 593, 594, 596, 598, 599, 602, 606, 608, 609, 610, 612, 614, 617, 618, 619, 622, 630, 632, 633, 638, 641, 660, 661, 675, 677, 695, 696, 700, 725, 729, 731, 732, 734, 745, 747, 748, 750], "excluded_lines": [], "start_line": 27, "executed_branches": [], "missing_branches": [[214, -210], [214, 216], [247, 248], [247, 250], [255, -252], [255, 256], [256, 255], [256, 257], [257, 255], [257, 258], [265, -262], [265, 266], [266, 265], [266, 267], [275, 276], [275, 278], [278, 279], [278, 284], [284, 285], [284, 291], [296, 297], [296, 304], [304, 305], [304, 312], [306, 307], [306, 312], [321, 322], [321, 325], [323, -318], [323, 324], [325, 326], [325, 328], [326, -318], [326, 327], [328, -318], [328, 329], [329, -318], [329, 330], [335, 336], [335, 338], [338, -332], [338, 339], [379, 380], [379, 384], [388, 389], [388, 393], [393, 394], [393, 398], [439, 440], [439, 443], [459, 460], [459, 464], [473, 474], [473, 477], [561, 562], [561, 564], [564, 565], [564, 567], [567, 568], [567, 570], [585, 586], [585, 589], [589, 590], [589, 593], [593, 594], [593, 596], [608, 609], [608, 612], [617, 618], [617, 622], [660, -636], [660, 661], [695, 696], [695, 700], [731, 732], [731, 734], [747, 748], [747, 750]]}, "": {"executed_lines": [18, 19, 21, 22, 24, 27, 39, 40, 47, 55, 61, 68, 74, 81, 88, 96, 108, 114, 129, 135, 141, 150, 155, 160, 166, 172, 179, 186, 194, 201, 210, 211, 240, 241, 252, 253, 262, 263, 271, 318, 319, 332, 333, 345, 430, 468, 489, 536, 579, 604, 636, 673, 723, 727, 743], "summary": {"covered_lines": 55, "num_statements": 55, "percent_covered": 100.0, "percent_covered_display": "100", "missing_lines": 0, "excluded_lines": 0, "percent_statements_covered": 100.0, "percent_statements_covered_display": "100", "num_branches": 0, "num_partial_branches": 0, "covered_branches": 0, "missing_branches": 0, "percent_branches_covered": 100.0, "percent_branches_covered_display": "100"}, "missing_lines": [], "excluded_lines": [], "start_line": 1, "executed_branches": [], "missing_branches": []}}}}, "totals": {"covered_lines": 1593, "num_statements": 4931, "percent_covered": 27.31825770223099, "percent_covered_display": "27", "missing_lines": 3338, "excluded_lines": 1, "percent_statements_covered": 32.30582032042182, "percent_statements_covered_display": "32", "num_branches": 1658, "num_partial_branches": 51, "covered_branches": 207, "missing_branches": 1451, "percent_branches_covered": 12.484921592279855, "percent_branches_covered_display": "12"}}